[2022-03-15 02:11:14] local.ERROR: SQLSTATE[HY000] [1049] Unknown database 'simpade' (SQL: select * from `users` where `email` = sekniv@uts.ac.id and `status` = aktif limit 1) {"exception":"[object] (Illuminate\\Database\\QueryException(code: 1049): SQLSTATE[HY000] [1049] Unknown database 'simpade' (SQL: select * from `users` where `email` = sekniv@uts.ac.id and `status` = aktif limit 1) at C:\\Users\\A2RJ\\Documents\\GitHub\\KAMPUS\\SIMPADE\\API\\vendor\\laravel\\framework\\src\\Illuminate\\Database\\Connection.php:716)
[stacktrace]
#0 C:\\Users\\A2RJ\\Documents\\GitHub\\KAMPUS\\SIMPADE\\API\\vendor\\laravel\\framework\\src\\Illuminate\\Database\\Connection.php(676): Illuminate\\Database\\Connection->runQueryCallback('select * from `...', Array, Object(Closure))
#1 C:\\Users\\A2RJ\\Documents\\GitHub\\KAMPUS\\SIMPADE\\API\\vendor\\laravel\\framework\\src\\Illuminate\\Database\\Connection.php(376): Illuminate\\Database\\Connection->run('select * from `...', Array, Object(Closure))
#2 C:\\Users\\A2RJ\\Documents\\GitHub\\KAMPUS\\SIMPADE\\API\\vendor\\laravel\\framework\\src\\Illuminate\\Database\\Query\\Builder.php(2556): Illuminate\\Database\\Connection->select('select * from `...', Array, true)
#3 C:\\Users\\A2RJ\\Documents\\GitHub\\KAMPUS\\SIMPADE\\API\\vendor\\laravel\\framework\\src\\Illuminate\\Database\\Query\\Builder.php(2544): Illuminate\\Database\\Query\\Builder->runSelect()
#4 C:\\Users\\A2RJ\\Documents\\GitHub\\KAMPUS\\SIMPADE\\API\\vendor\\laravel\\framework\\src\\Illuminate\\Database\\Query\\Builder.php(3078): Illuminate\\Database\\Query\\Builder->Illuminate\\Database\\Query\\{closure}()
#5 C:\\Users\\A2RJ\\Documents\\GitHub\\KAMPUS\\SIMPADE\\API\\vendor\\laravel\\framework\\src\\Illuminate\\Database\\Query\\Builder.php(2545): Illuminate\\Database\\Query\\Builder->onceWithColumns(Array, Object(Closure))
#6 C:\\Users\\A2RJ\\Documents\\GitHub\\KAMPUS\\SIMPADE\\API\\vendor\\laravel\\framework\\src\\Illuminate\\Database\\Eloquent\\Builder.php(673): Illuminate\\Database\\Query\\Builder->get(Array)
#7 C:\\Users\\A2RJ\\Documents\\GitHub\\KAMPUS\\SIMPADE\\API\\vendor\\laravel\\framework\\src\\Illuminate\\Database\\Eloquent\\Builder.php(657): Illuminate\\Database\\Eloquent\\Builder->getModels(Array)
#8 C:\\Users\\A2RJ\\Documents\\GitHub\\KAMPUS\\SIMPADE\\API\\vendor\\laravel\\framework\\src\\Illuminate\\Database\\Concerns\\BuildsQueries.php(296): Illuminate\\Database\\Eloquent\\Builder->get(Array)
#9 C:\\Users\\A2RJ\\Documents\\GitHub\\KAMPUS\\SIMPADE\\API\\vendor\\laravel\\framework\\src\\Illuminate\\Auth\\EloquentUserProvider.php(133): Illuminate\\Database\\Eloquent\\Builder->first()
#10 C:\\Users\\A2RJ\\Documents\\GitHub\\KAMPUS\\SIMPADE\\API\\vendor\\laravel\\framework\\src\\Illuminate\\Auth\\SessionGuard.php(366): Illuminate\\Auth\\EloquentUserProvider->retrieveByCredentials(Array)
#11 C:\\Users\\A2RJ\\Documents\\GitHub\\KAMPUS\\SIMPADE\\API\\vendor\\laravel\\framework\\src\\Illuminate\\Auth\\AuthManager.php(336): Illuminate\\Auth\\SessionGuard->attempt(Array)
#12 C:\\Users\\A2RJ\\Documents\\GitHub\\KAMPUS\\SIMPADE\\API\\vendor\\laravel\\framework\\src\\Illuminate\\Support\\Facades\\Facade.php(337): Illuminate\\Auth\\AuthManager->__call('attempt', Array)
#13 C:\\Users\\A2RJ\\Documents\\GitHub\\KAMPUS\\SIMPADE\\API\\app\\Http\\Controllers\\Auth\\AuthController.php(33): Illuminate\\Support\\Facades\\Facade::__callStatic('attempt', Array)
#14 C:\\Users\\A2RJ\\Documents\\GitHub\\KAMPUS\\SIMPADE\\API\\vendor\\laravel\\framework\\src\\Illuminate\\Routing\\Controller.php(54): App\\Http\\Controllers\\Auth\\AuthController->login(Object(Illuminate\\Http\\Request))
#15 C:\\Users\\A2RJ\\Documents\\GitHub\\KAMPUS\\SIMPADE\\API\\vendor\\laravel\\framework\\src\\Illuminate\\Routing\\ControllerDispatcher.php(45): Illuminate\\Routing\\Controller->callAction('login', Array)
#16 C:\\Users\\A2RJ\\Documents\\GitHub\\KAMPUS\\SIMPADE\\API\\vendor\\laravel\\framework\\src\\Illuminate\\Routing\\Route.php(261): Illuminate\\Routing\\ControllerDispatcher->dispatch(Object(Illuminate\\Routing\\Route), Object(App\\Http\\Controllers\\Auth\\AuthController), 'login')
#17 C:\\Users\\A2RJ\\Documents\\GitHub\\KAMPUS\\SIMPADE\\API\\vendor\\laravel\\framework\\src\\Illuminate\\Routing\\Route.php(204): Illuminate\\Routing\\Route->runController()
#18 C:\\Users\\A2RJ\\Documents\\GitHub\\KAMPUS\\SIMPADE\\API\\vendor\\laravel\\framework\\src\\Illuminate\\Routing\\Router.php(725): Illuminate\\Routing\\Route->run()
#19 C:\\Users\\A2RJ\\Documents\\GitHub\\KAMPUS\\SIMPADE\\API\\vendor\\laravel\\framework\\src\\Illuminate\\Pipeline\\Pipeline.php(141): Illuminate\\Routing\\Router->Illuminate\\Routing\\{closure}(Object(Illuminate\\Http\\Request))
#20 C:\\Users\\A2RJ\\Documents\\GitHub\\KAMPUS\\SIMPADE\\API\\vendor\\laravel\\framework\\src\\Illuminate\\Routing\\Middleware\\SubstituteBindings.php(50): Illuminate\\Pipeline\\Pipeline->Illuminate\\Pipeline\\{closure}(Object(Illuminate\\Http\\Request))
#21 C:\\Users\\A2RJ\\Documents\\GitHub\\KAMPUS\\SIMPADE\\API\\vendor\\laravel\\framework\\src\\Illuminate\\Pipeline\\Pipeline.php(180): Illuminate\\Routing\\Middleware\\SubstituteBindings->handle(Object(Illuminate\\Http\\Request), Object(Closure))
#22 C:\\Users\\A2RJ\\Documents\\GitHub\\KAMPUS\\SIMPADE\\API\\vendor\\laravel\\framework\\src\\Illuminate\\Routing\\Middleware\\ThrottleRequests.php(126): Illuminate\\Pipeline\\Pipeline->Illuminate\\Pipeline\\{closure}(Object(Illuminate\\Http\\Request))
#23 C:\\Users\\A2RJ\\Documents\\GitHub\\KAMPUS\\SIMPADE\\API\\vendor\\laravel\\framework\\src\\Illuminate\\Routing\\Middleware\\ThrottleRequests.php(102): Illuminate\\Routing\\Middleware\\ThrottleRequests->handleRequest(Object(Illuminate\\Http\\Request), Object(Closure), Array)
#24 C:\\Users\\A2RJ\\Documents\\GitHub\\KAMPUS\\SIMPADE\\API\\vendor\\laravel\\framework\\src\\Illuminate\\Routing\\Middleware\\ThrottleRequests.php(54): Illuminate\\Routing\\Middleware\\ThrottleRequests->handleRequestUsingNamedLimiter(Object(Illuminate\\Http\\Request), Object(Closure), 'api', Object(Closure))
#25 C:\\Users\\A2RJ\\Documents\\GitHub\\KAMPUS\\SIMPADE\\API\\vendor\\laravel\\framework\\src\\Illuminate\\Pipeline\\Pipeline.php(180): Illuminate\\Routing\\Middleware\\ThrottleRequests->handle(Object(Illuminate\\Http\\Request), Object(Closure), 'api')
#26 C:\\Users\\A2RJ\\Documents\\GitHub\\KAMPUS\\SIMPADE\\API\\vendor\\laravel\\sanctum\\src\\Http\\Middleware\\EnsureFrontendRequestsAreStateful.php(33): Illuminate\\Pipeline\\Pipeline->Illuminate\\Pipeline\\{closure}(Object(Illuminate\\Http\\Request))
#27 C:\\Users\\A2RJ\\Documents\\GitHub\\KAMPUS\\SIMPADE\\API\\vendor\\laravel\\framework\\src\\Illuminate\\Pipeline\\Pipeline.php(141): Laravel\\Sanctum\\Http\\Middleware\\EnsureFrontendRequestsAreStateful->Laravel\\Sanctum\\Http\\Middleware\\{closure}(Object(Illuminate\\Http\\Request))
#28 C:\\Users\\A2RJ\\Documents\\GitHub\\KAMPUS\\SIMPADE\\API\\vendor\\laravel\\framework\\src\\Illuminate\\Foundation\\Http\\Middleware\\VerifyCsrfToken.php(78): Illuminate\\Pipeline\\Pipeline->Illuminate\\Pipeline\\{closure}(Object(Illuminate\\Http\\Request))
#29 C:\\Users\\A2RJ\\Documents\\GitHub\\KAMPUS\\SIMPADE\\API\\vendor\\laravel\\framework\\src\\Illuminate\\Pipeline\\Pipeline.php(180): Illuminate\\Foundation\\Http\\Middleware\\VerifyCsrfToken->handle(Object(Illuminate\\Http\\Request), Object(Closure))
#30 C:\\Users\\A2RJ\\Documents\\GitHub\\KAMPUS\\SIMPADE\\API\\vendor\\laravel\\framework\\src\\Illuminate\\Session\\Middleware\\StartSession.php(121): Illuminate\\Pipeline\\Pipeline->Illuminate\\Pipeline\\{closure}(Object(Illuminate\\Http\\Request))
#31 C:\\Users\\A2RJ\\Documents\\GitHub\\KAMPUS\\SIMPADE\\API\\vendor\\laravel\\framework\\src\\Illuminate\\Session\\Middleware\\StartSession.php(64): Illuminate\\Session\\Middleware\\StartSession->handleStatefulRequest(Object(Illuminate\\Http\\Request), Object(Illuminate\\Session\\Store), Object(Closure))
#32 C:\\Users\\A2RJ\\Documents\\GitHub\\KAMPUS\\SIMPADE\\API\\vendor\\laravel\\framework\\src\\Illuminate\\Pipeline\\Pipeline.php(180): Illuminate\\Session\\Middleware\\StartSession->handle(Object(Illuminate\\Http\\Request), Object(Closure))
#33 C:\\Users\\A2RJ\\Documents\\GitHub\\KAMPUS\\SIMPADE\\API\\vendor\\laravel\\framework\\src\\Illuminate\\Cookie\\Middleware\\AddQueuedCookiesToResponse.php(37): Illuminate\\Pipeline\\Pipeline->Illuminate\\Pipeline\\{closure}(Object(Illuminate\\Http\\Request))
#34 C:\\Users\\A2RJ\\Documents\\GitHub\\KAMPUS\\SIMPADE\\API\\vendor\\laravel\\framework\\src\\Illuminate\\Pipeline\\Pipeline.php(180): Illuminate\\Cookie\\Middleware\\AddQueuedCookiesToResponse->handle(Object(Illuminate\\Http\\Request), Object(Closure))
#35 C:\\Users\\A2RJ\\Documents\\GitHub\\KAMPUS\\SIMPADE\\API\\vendor\\laravel\\framework\\src\\Illuminate\\Cookie\\Middleware\\EncryptCookies.php(67): Illuminate\\Pipeline\\Pipeline->Illuminate\\Pipeline\\{closure}(Object(Illuminate\\Http\\Request))
#36 C:\\Users\\A2RJ\\Documents\\GitHub\\KAMPUS\\SIMPADE\\API\\vendor\\laravel\\framework\\src\\Illuminate\\Pipeline\\Pipeline.php(180): Illuminate\\Cookie\\Middleware\\EncryptCookies->handle(Object(Illuminate\\Http\\Request), Object(Closure))
#37 C:\\Users\\A2RJ\\Documents\\GitHub\\KAMPUS\\SIMPADE\\API\\vendor\\laravel\\sanctum\\src\\Http\\Middleware\\EnsureFrontendRequestsAreStateful.php(26): Illuminate\\Pipeline\\Pipeline->Illuminate\\Pipeline\\{closure}(Object(Illuminate\\Http\\Request))
#38 C:\\Users\\A2RJ\\Documents\\GitHub\\KAMPUS\\SIMPADE\\API\\vendor\\laravel\\framework\\src\\Illuminate\\Pipeline\\Pipeline.php(162): Laravel\\Sanctum\\Http\\Middleware\\EnsureFrontendRequestsAreStateful->Laravel\\Sanctum\\Http\\Middleware\\{closure}(Object(Illuminate\\Http\\Request), Object(Closure))
#39 C:\\Users\\A2RJ\\Documents\\GitHub\\KAMPUS\\SIMPADE\\API\\vendor\\laravel\\framework\\src\\Illuminate\\Pipeline\\Pipeline.php(116): Illuminate\\Pipeline\\Pipeline->Illuminate\\Pipeline\\{closure}(Object(Illuminate\\Http\\Request))
#40 C:\\Users\\A2RJ\\Documents\\GitHub\\KAMPUS\\SIMPADE\\API\\vendor\\laravel\\sanctum\\src\\Http\\Middleware\\EnsureFrontendRequestsAreStateful.php(34): Illuminate\\Pipeline\\Pipeline->then(Object(Closure))
#41 C:\\Users\\A2RJ\\Documents\\GitHub\\KAMPUS\\SIMPADE\\API\\vendor\\laravel\\framework\\src\\Illuminate\\Pipeline\\Pipeline.php(180): Laravel\\Sanctum\\Http\\Middleware\\EnsureFrontendRequestsAreStateful->handle(Object(Illuminate\\Http\\Request), Object(Closure))
#42 C:\\Users\\A2RJ\\Documents\\GitHub\\KAMPUS\\SIMPADE\\API\\vendor\\laravel\\framework\\src\\Illuminate\\Pipeline\\Pipeline.php(116): Illuminate\\Pipeline\\Pipeline->Illuminate\\Pipeline\\{closure}(Object(Illuminate\\Http\\Request))
#43 C:\\Users\\A2RJ\\Documents\\GitHub\\KAMPUS\\SIMPADE\\API\\vendor\\laravel\\framework\\src\\Illuminate\\Routing\\Router.php(727): Illuminate\\Pipeline\\Pipeline->then(Object(Closure))
#44 C:\\Users\\A2RJ\\Documents\\GitHub\\KAMPUS\\SIMPADE\\API\\vendor\\laravel\\framework\\src\\Illuminate\\Routing\\Router.php(702): Illuminate\\Routing\\Router->runRouteWithinStack(Object(Illuminate\\Routing\\Route), Object(Illuminate\\Http\\Request))
#45 C:\\Users\\A2RJ\\Documents\\GitHub\\KAMPUS\\SIMPADE\\API\\vendor\\laravel\\framework\\src\\Illuminate\\Routing\\Router.php(666): Illuminate\\Routing\\Router->runRoute(Object(Illuminate\\Http\\Request), Object(Illuminate\\Routing\\Route))
#46 C:\\Users\\A2RJ\\Documents\\GitHub\\KAMPUS\\SIMPADE\\API\\vendor\\laravel\\framework\\src\\Illuminate\\Routing\\Router.php(655): Illuminate\\Routing\\Router->dispatchToRoute(Object(Illuminate\\Http\\Request))
#47 C:\\Users\\A2RJ\\Documents\\GitHub\\KAMPUS\\SIMPADE\\API\\vendor\\laravel\\framework\\src\\Illuminate\\Foundation\\Http\\Kernel.php(167): Illuminate\\Routing\\Router->dispatch(Object(Illuminate\\Http\\Request))
#48 C:\\Users\\A2RJ\\Documents\\GitHub\\KAMPUS\\SIMPADE\\API\\vendor\\laravel\\framework\\src\\Illuminate\\Pipeline\\Pipeline.php(141): Illuminate\\Foundation\\Http\\Kernel->Illuminate\\Foundation\\Http\\{closure}(Object(Illuminate\\Http\\Request))
#49 C:\\Users\\A2RJ\\Documents\\GitHub\\KAMPUS\\SIMPADE\\API\\vendor\\laravel\\framework\\src\\Illuminate\\Foundation\\Http\\Middleware\\TransformsRequest.php(21): Illuminate\\Pipeline\\Pipeline->Illuminate\\Pipeline\\{closure}(Object(Illuminate\\Http\\Request))
#50 C:\\Users\\A2RJ\\Documents\\GitHub\\KAMPUS\\SIMPADE\\API\\vendor\\laravel\\framework\\src\\Illuminate\\Foundation\\Http\\Middleware\\ConvertEmptyStringsToNull.php(31): Illuminate\\Foundation\\Http\\Middleware\\TransformsRequest->handle(Object(Illuminate\\Http\\Request), Object(Closure))
#51 C:\\Users\\A2RJ\\Documents\\GitHub\\KAMPUS\\SIMPADE\\API\\vendor\\laravel\\framework\\src\\Illuminate\\Pipeline\\Pipeline.php(180): Illuminate\\Foundation\\Http\\Middleware\\ConvertEmptyStringsToNull->handle(Object(Illuminate\\Http\\Request), Object(Closure))
#52 C:\\Users\\A2RJ\\Documents\\GitHub\\KAMPUS\\SIMPADE\\API\\vendor\\laravel\\framework\\src\\Illuminate\\Foundation\\Http\\Middleware\\TransformsRequest.php(21): Illuminate\\Pipeline\\Pipeline->Illuminate\\Pipeline\\{closure}(Object(Illuminate\\Http\\Request))
#53 C:\\Users\\A2RJ\\Documents\\GitHub\\KAMPUS\\SIMPADE\\API\\vendor\\laravel\\framework\\src\\Illuminate\\Foundation\\Http\\Middleware\\TrimStrings.php(40): Illuminate\\Foundation\\Http\\Middleware\\TransformsRequest->handle(Object(Illuminate\\Http\\Request), Object(Closure))
#54 C:\\Users\\A2RJ\\Documents\\GitHub\\KAMPUS\\SIMPADE\\API\\vendor\\laravel\\framework\\src\\Illuminate\\Pipeline\\Pipeline.php(180): Illuminate\\Foundation\\Http\\Middleware\\TrimStrings->handle(Object(Illuminate\\Http\\Request), Object(Closure))
#55 C:\\Users\\A2RJ\\Documents\\GitHub\\KAMPUS\\SIMPADE\\API\\vendor\\laravel\\framework\\src\\Illuminate\\Foundation\\Http\\Middleware\\ValidatePostSize.php(27): Illuminate\\Pipeline\\Pipeline->Illuminate\\Pipeline\\{closure}(Object(Illuminate\\Http\\Request))
#56 C:\\Users\\A2RJ\\Documents\\GitHub\\KAMPUS\\SIMPADE\\API\\vendor\\laravel\\framework\\src\\Illuminate\\Pipeline\\Pipeline.php(180): Illuminate\\Foundation\\Http\\Middleware\\ValidatePostSize->handle(Object(Illuminate\\Http\\Request), Object(Closure))
#57 C:\\Users\\A2RJ\\Documents\\GitHub\\KAMPUS\\SIMPADE\\API\\vendor\\laravel\\framework\\src\\Illuminate\\Foundation\\Http\\Middleware\\PreventRequestsDuringMaintenance.php(86): Illuminate\\Pipeline\\Pipeline->Illuminate\\Pipeline\\{closure}(Object(Illuminate\\Http\\Request))
#58 C:\\Users\\A2RJ\\Documents\\GitHub\\KAMPUS\\SIMPADE\\API\\vendor\\laravel\\framework\\src\\Illuminate\\Pipeline\\Pipeline.php(180): Illuminate\\Foundation\\Http\\Middleware\\PreventRequestsDuringMaintenance->handle(Object(Illuminate\\Http\\Request), Object(Closure))
#59 C:\\Users\\A2RJ\\Documents\\GitHub\\KAMPUS\\SIMPADE\\API\\vendor\\laravel\\framework\\src\\Illuminate\\Http\\Middleware\\HandleCors.php(62): Illuminate\\Pipeline\\Pipeline->Illuminate\\Pipeline\\{closure}(Object(Illuminate\\Http\\Request))
#60 C:\\Users\\A2RJ\\Documents\\GitHub\\KAMPUS\\SIMPADE\\API\\vendor\\laravel\\framework\\src\\Illuminate\\Pipeline\\Pipeline.php(180): Illuminate\\Http\\Middleware\\HandleCors->handle(Object(Illuminate\\Http\\Request), Object(Closure))
#61 C:\\Users\\A2RJ\\Documents\\GitHub\\KAMPUS\\SIMPADE\\API\\vendor\\laravel\\framework\\src\\Illuminate\\Http\\Middleware\\TrustProxies.php(39): Illuminate\\Pipeline\\Pipeline->Illuminate\\Pipeline\\{closure}(Object(Illuminate\\Http\\Request))
#62 C:\\Users\\A2RJ\\Documents\\GitHub\\KAMPUS\\SIMPADE\\API\\vendor\\laravel\\framework\\src\\Illuminate\\Pipeline\\Pipeline.php(180): Illuminate\\Http\\Middleware\\TrustProxies->handle(Object(Illuminate\\Http\\Request), Object(Closure))
#63 C:\\Users\\A2RJ\\Documents\\GitHub\\KAMPUS\\SIMPADE\\API\\vendor\\laravel\\framework\\src\\Illuminate\\Pipeline\\Pipeline.php(116): Illuminate\\Pipeline\\Pipeline->Illuminate\\Pipeline\\{closure}(Object(Illuminate\\Http\\Request))
#64 C:\\Users\\A2RJ\\Documents\\GitHub\\KAMPUS\\SIMPADE\\API\\vendor\\laravel\\framework\\src\\Illuminate\\Foundation\\Http\\Kernel.php(142): Illuminate\\Pipeline\\Pipeline->then(Object(Closure))
#65 C:\\Users\\A2RJ\\Documents\\GitHub\\KAMPUS\\SIMPADE\\API\\vendor\\laravel\\framework\\src\\Illuminate\\Foundation\\Http\\Kernel.php(111): Illuminate\\Foundation\\Http\\Kernel->sendRequestThroughRouter(Object(Illuminate\\Http\\Request))
#66 C:\\Users\\A2RJ\\Documents\\GitHub\\KAMPUS\\SIMPADE\\API\\public\\index.php(52): Illuminate\\Foundation\\Http\\Kernel->handle(Object(Illuminate\\Http\\Request))
#67 C:\\Users\\A2RJ\\Documents\\GitHub\\KAMPUS\\SIMPADE\\API\\vendor\\laravel\\framework\\src\\Illuminate\\Foundation\esources\\server.php(16): require_once('C:\\\\Users\\\\A2RJ\\\\D...')
#68 {main}

[previous exception] [object] (PDOException(code: 1049): SQLSTATE[HY000] [1049] Unknown database 'simpade' at C:\\Users\\A2RJ\\Documents\\GitHub\\KAMPUS\\SIMPADE\\API\\vendor\\laravel\\framework\\src\\Illuminate\\Database\\Connectors\\Connector.php:70)
[stacktrace]
#0 C:\\Users\\A2RJ\\Documents\\GitHub\\KAMPUS\\SIMPADE\\API\\vendor\\laravel\\framework\\src\\Illuminate\\Database\\Connectors\\Connector.php(70): PDO->__construct('mysql:host=127....', 'root', '', Array)
#1 C:\\Users\\A2RJ\\Documents\\GitHub\\KAMPUS\\SIMPADE\\API\\vendor\\laravel\\framework\\src\\Illuminate\\Database\\Connectors\\Connector.php(46): Illuminate\\Database\\Connectors\\Connector->createPdoConnection('mysql:host=127....', 'root', '', Array)
#2 C:\\Users\\A2RJ\\Documents\\GitHub\\KAMPUS\\SIMPADE\\API\\vendor\\laravel\\framework\\src\\Illuminate\\Database\\Connectors\\MySqlConnector.php(24): Illuminate\\Database\\Connectors\\Connector->createConnection('mysql:host=127....', Array, Array)
#3 C:\\Users\\A2RJ\\Documents\\GitHub\\KAMPUS\\SIMPADE\\API\\vendor\\laravel\\framework\\src\\Illuminate\\Database\\Connectors\\ConnectionFactory.php(184): Illuminate\\Database\\Connectors\\MySqlConnector->connect(Array)
#4 [internal function]: Illuminate\\Database\\Connectors\\ConnectionFactory->Illuminate\\Database\\Connectors\\{closure}()
#5 C:\\Users\\A2RJ\\Documents\\GitHub\\KAMPUS\\SIMPADE\\API\\vendor\\laravel\\framework\\src\\Illuminate\\Database\\Connection.php(1064): call_user_func(Object(Closure))
#6 C:\\Users\\A2RJ\\Documents\\GitHub\\KAMPUS\\SIMPADE\\API\\vendor\\laravel\\framework\\src\\Illuminate\\Database\\Connection.php(1100): Illuminate\\Database\\Connection->getPdo()
#7 C:\\Users\\A2RJ\\Documents\\GitHub\\KAMPUS\\SIMPADE\\API\\vendor\\laravel\\framework\\src\\Illuminate\\Database\\Connection.php(442): Illuminate\\Database\\Connection->getReadPdo()
#8 C:\\Users\\A2RJ\\Documents\\GitHub\\KAMPUS\\SIMPADE\\API\\vendor\\laravel\\framework\\src\\Illuminate\\Database\\Connection.php(368): Illuminate\\Database\\Connection->getPdoForSelect(true)
#9 C:\\Users\\A2RJ\\Documents\\GitHub\\KAMPUS\\SIMPADE\\API\\vendor\\laravel\\framework\\src\\Illuminate\\Database\\Connection.php(709): Illuminate\\Database\\Connection->Illuminate\\Database\\{closure}('select * from `...', Array)
#10 C:\\Users\\A2RJ\\Documents\\GitHub\\KAMPUS\\SIMPADE\\API\\vendor\\laravel\\framework\\src\\Illuminate\\Database\\Connection.php(676): Illuminate\\Database\\Connection->runQueryCallback('select * from `...', Array, Object(Closure))
#11 C:\\Users\\A2RJ\\Documents\\GitHub\\KAMPUS\\SIMPADE\\API\\vendor\\laravel\\framework\\src\\Illuminate\\Database\\Connection.php(376): Illuminate\\Database\\Connection->run('select * from `...', Array, Object(Closure))
#12 C:\\Users\\A2RJ\\Documents\\GitHub\\KAMPUS\\SIMPADE\\API\\vendor\\laravel\\framework\\src\\Illuminate\\Database\\Query\\Builder.php(2556): Illuminate\\Database\\Connection->select('select * from `...', Array, true)
#13 C:\\Users\\A2RJ\\Documents\\GitHub\\KAMPUS\\SIMPADE\\API\\vendor\\laravel\\framework\\src\\Illuminate\\Database\\Query\\Builder.php(2544): Illuminate\\Database\\Query\\Builder->runSelect()
#14 C:\\Users\\A2RJ\\Documents\\GitHub\\KAMPUS\\SIMPADE\\API\\vendor\\laravel\\framework\\src\\Illuminate\\Database\\Query\\Builder.php(3078): Illuminate\\Database\\Query\\Builder->Illuminate\\Database\\Query\\{closure}()
#15 C:\\Users\\A2RJ\\Documents\\GitHub\\KAMPUS\\SIMPADE\\API\\vendor\\laravel\\framework\\src\\Illuminate\\Database\\Query\\Builder.php(2545): Illuminate\\Database\\Query\\Builder->onceWithColumns(Array, Object(Closure))
#16 C:\\Users\\A2RJ\\Documents\\GitHub\\KAMPUS\\SIMPADE\\API\\vendor\\laravel\\framework\\src\\Illuminate\\Database\\Eloquent\\Builder.php(673): Illuminate\\Database\\Query\\Builder->get(Array)
#17 C:\\Users\\A2RJ\\Documents\\GitHub\\KAMPUS\\SIMPADE\\API\\vendor\\laravel\\framework\\src\\Illuminate\\Database\\Eloquent\\Builder.php(657): Illuminate\\Database\\Eloquent\\Builder->getModels(Array)
#18 C:\\Users\\A2RJ\\Documents\\GitHub\\KAMPUS\\SIMPADE\\API\\vendor\\laravel\\framework\\src\\Illuminate\\Database\\Concerns\\BuildsQueries.php(296): Illuminate\\Database\\Eloquent\\Builder->get(Array)
#19 C:\\Users\\A2RJ\\Documents\\GitHub\\KAMPUS\\SIMPADE\\API\\vendor\\laravel\\framework\\src\\Illuminate\\Auth\\EloquentUserProvider.php(133): Illuminate\\Database\\Eloquent\\Builder->first()
#20 C:\\Users\\A2RJ\\Documents\\GitHub\\KAMPUS\\SIMPADE\\API\\vendor\\laravel\\framework\\src\\Illuminate\\Auth\\SessionGuard.php(366): Illuminate\\Auth\\EloquentUserProvider->retrieveByCredentials(Array)
#21 C:\\Users\\A2RJ\\Documents\\GitHub\\KAMPUS\\SIMPADE\\API\\vendor\\laravel\\framework\\src\\Illuminate\\Auth\\AuthManager.php(336): Illuminate\\Auth\\SessionGuard->attempt(Array)
#22 C:\\Users\\A2RJ\\Documents\\GitHub\\KAMPUS\\SIMPADE\\API\\vendor\\laravel\\framework\\src\\Illuminate\\Support\\Facades\\Facade.php(337): Illuminate\\Auth\\AuthManager->__call('attempt', Array)
#23 C:\\Users\\A2RJ\\Documents\\GitHub\\KAMPUS\\SIMPADE\\API\\app\\Http\\Controllers\\Auth\\AuthController.php(33): Illuminate\\Support\\Facades\\Facade::__callStatic('attempt', Array)
#24 C:\\Users\\A2RJ\\Documents\\GitHub\\KAMPUS\\SIMPADE\\API\\vendor\\laravel\\framework\\src\\Illuminate\\Routing\\Controller.php(54): App\\Http\\Controllers\\Auth\\AuthController->login(Object(Illuminate\\Http\\Request))
#25 C:\\Users\\A2RJ\\Documents\\GitHub\\KAMPUS\\SIMPADE\\API\\vendor\\laravel\\framework\\src\\Illuminate\\Routing\\ControllerDispatcher.php(45): Illuminate\\Routing\\Controller->callAction('login', Array)
#26 C:\\Users\\A2RJ\\Documents\\GitHub\\KAMPUS\\SIMPADE\\API\\vendor\\laravel\\framework\\src\\Illuminate\\Routing\\Route.php(261): Illuminate\\Routing\\ControllerDispatcher->dispatch(Object(Illuminate\\Routing\\Route), Object(App\\Http\\Controllers\\Auth\\AuthController), 'login')
#27 C:\\Users\\A2RJ\\Documents\\GitHub\\KAMPUS\\SIMPADE\\API\\vendor\\laravel\\framework\\src\\Illuminate\\Routing\\Route.php(204): Illuminate\\Routing\\Route->runController()
#28 C:\\Users\\A2RJ\\Documents\\GitHub\\KAMPUS\\SIMPADE\\API\\vendor\\laravel\\framework\\src\\Illuminate\\Routing\\Router.php(725): Illuminate\\Routing\\Route->run()
#29 C:\\Users\\A2RJ\\Documents\\GitHub\\KAMPUS\\SIMPADE\\API\\vendor\\laravel\\framework\\src\\Illuminate\\Pipeline\\Pipeline.php(141): Illuminate\\Routing\\Router->Illuminate\\Routing\\{closure}(Object(Illuminate\\Http\\Request))
#30 C:\\Users\\A2RJ\\Documents\\GitHub\\KAMPUS\\SIMPADE\\API\\vendor\\laravel\\framework\\src\\Illuminate\\Routing\\Middleware\\SubstituteBindings.php(50): Illuminate\\Pipeline\\Pipeline->Illuminate\\Pipeline\\{closure}(Object(Illuminate\\Http\\Request))
#31 C:\\Users\\A2RJ\\Documents\\GitHub\\KAMPUS\\SIMPADE\\API\\vendor\\laravel\\framework\\src\\Illuminate\\Pipeline\\Pipeline.php(180): Illuminate\\Routing\\Middleware\\SubstituteBindings->handle(Object(Illuminate\\Http\\Request), Object(Closure))
#32 C:\\Users\\A2RJ\\Documents\\GitHub\\KAMPUS\\SIMPADE\\API\\vendor\\laravel\\framework\\src\\Illuminate\\Routing\\Middleware\\ThrottleRequests.php(126): Illuminate\\Pipeline\\Pipeline->Illuminate\\Pipeline\\{closure}(Object(Illuminate\\Http\\Request))
#33 C:\\Users\\A2RJ\\Documents\\GitHub\\KAMPUS\\SIMPADE\\API\\vendor\\laravel\\framework\\src\\Illuminate\\Routing\\Middleware\\ThrottleRequests.php(102): Illuminate\\Routing\\Middleware\\ThrottleRequests->handleRequest(Object(Illuminate\\Http\\Request), Object(Closure), Array)
#34 C:\\Users\\A2RJ\\Documents\\GitHub\\KAMPUS\\SIMPADE\\API\\vendor\\laravel\\framework\\src\\Illuminate\\Routing\\Middleware\\ThrottleRequests.php(54): Illuminate\\Routing\\Middleware\\ThrottleRequests->handleRequestUsingNamedLimiter(Object(Illuminate\\Http\\Request), Object(Closure), 'api', Object(Closure))
#35 C:\\Users\\A2RJ\\Documents\\GitHub\\KAMPUS\\SIMPADE\\API\\vendor\\laravel\\framework\\src\\Illuminate\\Pipeline\\Pipeline.php(180): Illuminate\\Routing\\Middleware\\ThrottleRequests->handle(Object(Illuminate\\Http\\Request), Object(Closure), 'api')
#36 C:\\Users\\A2RJ\\Documents\\GitHub\\KAMPUS\\SIMPADE\\API\\vendor\\laravel\\sanctum\\src\\Http\\Middleware\\EnsureFrontendRequestsAreStateful.php(33): Illuminate\\Pipeline\\Pipeline->Illuminate\\Pipeline\\{closure}(Object(Illuminate\\Http\\Request))
#37 C:\\Users\\A2RJ\\Documents\\GitHub\\KAMPUS\\SIMPADE\\API\\vendor\\laravel\\framework\\src\\Illuminate\\Pipeline\\Pipeline.php(141): Laravel\\Sanctum\\Http\\Middleware\\EnsureFrontendRequestsAreStateful->Laravel\\Sanctum\\Http\\Middleware\\{closure}(Object(Illuminate\\Http\\Request))
#38 C:\\Users\\A2RJ\\Documents\\GitHub\\KAMPUS\\SIMPADE\\API\\vendor\\laravel\\framework\\src\\Illuminate\\Foundation\\Http\\Middleware\\VerifyCsrfToken.php(78): Illuminate\\Pipeline\\Pipeline->Illuminate\\Pipeline\\{closure}(Object(Illuminate\\Http\\Request))
#39 C:\\Users\\A2RJ\\Documents\\GitHub\\KAMPUS\\SIMPADE\\API\\vendor\\laravel\\framework\\src\\Illuminate\\Pipeline\\Pipeline.php(180): Illuminate\\Foundation\\Http\\Middleware\\VerifyCsrfToken->handle(Object(Illuminate\\Http\\Request), Object(Closure))
#40 C:\\Users\\A2RJ\\Documents\\GitHub\\KAMPUS\\SIMPADE\\API\\vendor\\laravel\\framework\\src\\Illuminate\\Session\\Middleware\\StartSession.php(121): Illuminate\\Pipeline\\Pipeline->Illuminate\\Pipeline\\{closure}(Object(Illuminate\\Http\\Request))
#41 C:\\Users\\A2RJ\\Documents\\GitHub\\KAMPUS\\SIMPADE\\API\\vendor\\laravel\\framework\\src\\Illuminate\\Session\\Middleware\\StartSession.php(64): Illuminate\\Session\\Middleware\\StartSession->handleStatefulRequest(Object(Illuminate\\Http\\Request), Object(Illuminate\\Session\\Store), Object(Closure))
#42 C:\\Users\\A2RJ\\Documents\\GitHub\\KAMPUS\\SIMPADE\\API\\vendor\\laravel\\framework\\src\\Illuminate\\Pipeline\\Pipeline.php(180): Illuminate\\Session\\Middleware\\StartSession->handle(Object(Illuminate\\Http\\Request), Object(Closure))
#43 C:\\Users\\A2RJ\\Documents\\GitHub\\KAMPUS\\SIMPADE\\API\\vendor\\laravel\\framework\\src\\Illuminate\\Cookie\\Middleware\\AddQueuedCookiesToResponse.php(37): Illuminate\\Pipeline\\Pipeline->Illuminate\\Pipeline\\{closure}(Object(Illuminate\\Http\\Request))
#44 C:\\Users\\A2RJ\\Documents\\GitHub\\KAMPUS\\SIMPADE\\API\\vendor\\laravel\\framework\\src\\Illuminate\\Pipeline\\Pipeline.php(180): Illuminate\\Cookie\\Middleware\\AddQueuedCookiesToResponse->handle(Object(Illuminate\\Http\\Request), Object(Closure))
#45 C:\\Users\\A2RJ\\Documents\\GitHub\\KAMPUS\\SIMPADE\\API\\vendor\\laravel\\framework\\src\\Illuminate\\Cookie\\Middleware\\EncryptCookies.php(67): Illuminate\\Pipeline\\Pipeline->Illuminate\\Pipeline\\{closure}(Object(Illuminate\\Http\\Request))
#46 C:\\Users\\A2RJ\\Documents\\GitHub\\KAMPUS\\SIMPADE\\API\\vendor\\laravel\\framework\\src\\Illuminate\\Pipeline\\Pipeline.php(180): Illuminate\\Cookie\\Middleware\\EncryptCookies->handle(Object(Illuminate\\Http\\Request), Object(Closure))
#47 C:\\Users\\A2RJ\\Documents\\GitHub\\KAMPUS\\SIMPADE\\API\\vendor\\laravel\\sanctum\\src\\Http\\Middleware\\EnsureFrontendRequestsAreStateful.php(26): Illuminate\\Pipeline\\Pipeline->Illuminate\\Pipeline\\{closure}(Object(Illuminate\\Http\\Request))
#48 C:\\Users\\A2RJ\\Documents\\GitHub\\KAMPUS\\SIMPADE\\API\\vendor\\laravel\\framework\\src\\Illuminate\\Pipeline\\Pipeline.php(162): Laravel\\Sanctum\\Http\\Middleware\\EnsureFrontendRequestsAreStateful->Laravel\\Sanctum\\Http\\Middleware\\{closure}(Object(Illuminate\\Http\\Request), Object(Closure))
#49 C:\\Users\\A2RJ\\Documents\\GitHub\\KAMPUS\\SIMPADE\\API\\vendor\\laravel\\framework\\src\\Illuminate\\Pipeline\\Pipeline.php(116): Illuminate\\Pipeline\\Pipeline->Illuminate\\Pipeline\\{closure}(Object(Illuminate\\Http\\Request))
#50 C:\\Users\\A2RJ\\Documents\\GitHub\\KAMPUS\\SIMPADE\\API\\vendor\\laravel\\sanctum\\src\\Http\\Middleware\\EnsureFrontendRequestsAreStateful.php(34): Illuminate\\Pipeline\\Pipeline->then(Object(Closure))
#51 C:\\Users\\A2RJ\\Documents\\GitHub\\KAMPUS\\SIMPADE\\API\\vendor\\laravel\\framework\\src\\Illuminate\\Pipeline\\Pipeline.php(180): Laravel\\Sanctum\\Http\\Middleware\\EnsureFrontendRequestsAreStateful->handle(Object(Illuminate\\Http\\Request), Object(Closure))
#52 C:\\Users\\A2RJ\\Documents\\GitHub\\KAMPUS\\SIMPADE\\API\\vendor\\laravel\\framework\\src\\Illuminate\\Pipeline\\Pipeline.php(116): Illuminate\\Pipeline\\Pipeline->Illuminate\\Pipeline\\{closure}(Object(Illuminate\\Http\\Request))
#53 C:\\Users\\A2RJ\\Documents\\GitHub\\KAMPUS\\SIMPADE\\API\\vendor\\laravel\\framework\\src\\Illuminate\\Routing\\Router.php(727): Illuminate\\Pipeline\\Pipeline->then(Object(Closure))
#54 C:\\Users\\A2RJ\\Documents\\GitHub\\KAMPUS\\SIMPADE\\API\\vendor\\laravel\\framework\\src\\Illuminate\\Routing\\Router.php(702): Illuminate\\Routing\\Router->runRouteWithinStack(Object(Illuminate\\Routing\\Route), Object(Illuminate\\Http\\Request))
#55 C:\\Users\\A2RJ\\Documents\\GitHub\\KAMPUS\\SIMPADE\\API\\vendor\\laravel\\framework\\src\\Illuminate\\Routing\\Router.php(666): Illuminate\\Routing\\Router->runRoute(Object(Illuminate\\Http\\Request), Object(Illuminate\\Routing\\Route))
#56 C:\\Users\\A2RJ\\Documents\\GitHub\\KAMPUS\\SIMPADE\\API\\vendor\\laravel\\framework\\src\\Illuminate\\Routing\\Router.php(655): Illuminate\\Routing\\Router->dispatchToRoute(Object(Illuminate\\Http\\Request))
#57 C:\\Users\\A2RJ\\Documents\\GitHub\\KAMPUS\\SIMPADE\\API\\vendor\\laravel\\framework\\src\\Illuminate\\Foundation\\Http\\Kernel.php(167): Illuminate\\Routing\\Router->dispatch(Object(Illuminate\\Http\\Request))
#58 C:\\Users\\A2RJ\\Documents\\GitHub\\KAMPUS\\SIMPADE\\API\\vendor\\laravel\\framework\\src\\Illuminate\\Pipeline\\Pipeline.php(141): Illuminate\\Foundation\\Http\\Kernel->Illuminate\\Foundation\\Http\\{closure}(Object(Illuminate\\Http\\Request))
#59 C:\\Users\\A2RJ\\Documents\\GitHub\\KAMPUS\\SIMPADE\\API\\vendor\\laravel\\framework\\src\\Illuminate\\Foundation\\Http\\Middleware\\TransformsRequest.php(21): Illuminate\\Pipeline\\Pipeline->Illuminate\\Pipeline\\{closure}(Object(Illuminate\\Http\\Request))
#60 C:\\Users\\A2RJ\\Documents\\GitHub\\KAMPUS\\SIMPADE\\API\\vendor\\laravel\\framework\\src\\Illuminate\\Foundation\\Http\\Middleware\\ConvertEmptyStringsToNull.php(31): Illuminate\\Foundation\\Http\\Middleware\\TransformsRequest->handle(Object(Illuminate\\Http\\Request), Object(Closure))
#61 C:\\Users\\A2RJ\\Documents\\GitHub\\KAMPUS\\SIMPADE\\API\\vendor\\laravel\\framework\\src\\Illuminate\\Pipeline\\Pipeline.php(180): Illuminate\\Foundation\\Http\\Middleware\\ConvertEmptyStringsToNull->handle(Object(Illuminate\\Http\\Request), Object(Closure))
#62 C:\\Users\\A2RJ\\Documents\\GitHub\\KAMPUS\\SIMPADE\\API\\vendor\\laravel\\framework\\src\\Illuminate\\Foundation\\Http\\Middleware\\TransformsRequest.php(21): Illuminate\\Pipeline\\Pipeline->Illuminate\\Pipeline\\{closure}(Object(Illuminate\\Http\\Request))
#63 C:\\Users\\A2RJ\\Documents\\GitHub\\KAMPUS\\SIMPADE\\API\\vendor\\laravel\\framework\\src\\Illuminate\\Foundation\\Http\\Middleware\\TrimStrings.php(40): Illuminate\\Foundation\\Http\\Middleware\\TransformsRequest->handle(Object(Illuminate\\Http\\Request), Object(Closure))
#64 C:\\Users\\A2RJ\\Documents\\GitHub\\KAMPUS\\SIMPADE\\API\\vendor\\laravel\\framework\\src\\Illuminate\\Pipeline\\Pipeline.php(180): Illuminate\\Foundation\\Http\\Middleware\\TrimStrings->handle(Object(Illuminate\\Http\\Request), Object(Closure))
#65 C:\\Users\\A2RJ\\Documents\\GitHub\\KAMPUS\\SIMPADE\\API\\vendor\\laravel\\framework\\src\\Illuminate\\Foundation\\Http\\Middleware\\ValidatePostSize.php(27): Illuminate\\Pipeline\\Pipeline->Illuminate\\Pipeline\\{closure}(Object(Illuminate\\Http\\Request))
#66 C:\\Users\\A2RJ\\Documents\\GitHub\\KAMPUS\\SIMPADE\\API\\vendor\\laravel\\framework\\src\\Illuminate\\Pipeline\\Pipeline.php(180): Illuminate\\Foundation\\Http\\Middleware\\ValidatePostSize->handle(Object(Illuminate\\Http\\Request), Object(Closure))
#67 C:\\Users\\A2RJ\\Documents\\GitHub\\KAMPUS\\SIMPADE\\API\\vendor\\laravel\\framework\\src\\Illuminate\\Foundation\\Http\\Middleware\\PreventRequestsDuringMaintenance.php(86): Illuminate\\Pipeline\\Pipeline->Illuminate\\Pipeline\\{closure}(Object(Illuminate\\Http\\Request))
#68 C:\\Users\\A2RJ\\Documents\\GitHub\\KAMPUS\\SIMPADE\\API\\vendor\\laravel\\framework\\src\\Illuminate\\Pipeline\\Pipeline.php(180): Illuminate\\Foundation\\Http\\Middleware\\PreventRequestsDuringMaintenance->handle(Object(Illuminate\\Http\\Request), Object(Closure))
#69 C:\\Users\\A2RJ\\Documents\\GitHub\\KAMPUS\\SIMPADE\\API\\vendor\\laravel\\framework\\src\\Illuminate\\Http\\Middleware\\HandleCors.php(62): Illuminate\\Pipeline\\Pipeline->Illuminate\\Pipeline\\{closure}(Object(Illuminate\\Http\\Request))
#70 C:\\Users\\A2RJ\\Documents\\GitHub\\KAMPUS\\SIMPADE\\API\\vendor\\laravel\\framework\\src\\Illuminate\\Pipeline\\Pipeline.php(180): Illuminate\\Http\\Middleware\\HandleCors->handle(Object(Illuminate\\Http\\Request), Object(Closure))
#71 C:\\Users\\A2RJ\\Documents\\GitHub\\KAMPUS\\SIMPADE\\API\\vendor\\laravel\\framework\\src\\Illuminate\\Http\\Middleware\\TrustProxies.php(39): Illuminate\\Pipeline\\Pipeline->Illuminate\\Pipeline\\{closure}(Object(Illuminate\\Http\\Request))
#72 C:\\Users\\A2RJ\\Documents\\GitHub\\KAMPUS\\SIMPADE\\API\\vendor\\laravel\\framework\\src\\Illuminate\\Pipeline\\Pipeline.php(180): Illuminate\\Http\\Middleware\\TrustProxies->handle(Object(Illuminate\\Http\\Request), Object(Closure))
#73 C:\\Users\\A2RJ\\Documents\\GitHub\\KAMPUS\\SIMPADE\\API\\vendor\\laravel\\framework\\src\\Illuminate\\Pipeline\\Pipeline.php(116): Illuminate\\Pipeline\\Pipeline->Illuminate\\Pipeline\\{closure}(Object(Illuminate\\Http\\Request))
#74 C:\\Users\\A2RJ\\Documents\\GitHub\\KAMPUS\\SIMPADE\\API\\vendor\\laravel\\framework\\src\\Illuminate\\Foundation\\Http\\Kernel.php(142): Illuminate\\Pipeline\\Pipeline->then(Object(Closure))
#75 C:\\Users\\A2RJ\\Documents\\GitHub\\KAMPUS\\SIMPADE\\API\\vendor\\laravel\\framework\\src\\Illuminate\\Foundation\\Http\\Kernel.php(111): Illuminate\\Foundation\\Http\\Kernel->sendRequestThroughRouter(Object(Illuminate\\Http\\Request))
#76 C:\\Users\\A2RJ\\Documents\\GitHub\\KAMPUS\\SIMPADE\\API\\public\\index.php(52): Illuminate\\Foundation\\Http\\Kernel->handle(Object(Illuminate\\Http\\Request))
#77 C:\\Users\\A2RJ\\Documents\\GitHub\\KAMPUS\\SIMPADE\\API\\vendor\\laravel\\framework\\src\\Illuminate\\Foundation\esources\\server.php(16): require_once('C:\\\\Users\\\\A2RJ\\\\D...')
#78 {main}
"} 
[2022-03-15 02:14:16] local.ERROR: Invalid route action: [login]. {"exception":"[object] (UnexpectedValueException(code: 0): Invalid route action: [login]. at C:\\Users\\A2RJ\\Documents\\GitHub\\KAMPUS\\SIMPADE\\API\\vendor\\laravel\\framework\\src\\Illuminate\\Routing\\RouteAction.php:92)
[stacktrace]
#0 C:\\Users\\A2RJ\\Documents\\GitHub\\KAMPUS\\SIMPADE\\API\\vendor\\laravel\\framework\\src\\Illuminate\\Routing\\RouteAction.php(47): Illuminate\\Routing\\RouteAction::makeInvokable('login')
#1 C:\\Users\\A2RJ\\Documents\\GitHub\\KAMPUS\\SIMPADE\\API\\vendor\\laravel\\framework\\src\\Illuminate\\Routing\\Route.php(190): Illuminate\\Routing\\RouteAction::parse('api/auth/login', Array)
#2 C:\\Users\\A2RJ\\Documents\\GitHub\\KAMPUS\\SIMPADE\\API\\vendor\\laravel\\framework\\src\\Illuminate\\Routing\\Route.php(171): Illuminate\\Routing\\Route->parseAction(Array)
#3 C:\\Users\\A2RJ\\Documents\\GitHub\\KAMPUS\\SIMPADE\\API\\vendor\\laravel\\framework\\src\\Illuminate\\Routing\\Router.php(587): Illuminate\\Routing\\Route->__construct('POST', 'api/auth/login', Array)
#4 C:\\Users\\A2RJ\\Documents\\GitHub\\KAMPUS\\SIMPADE\\API\\vendor\\laravel\\framework\\src\\Illuminate\\Routing\\Router.php(480): Illuminate\\Routing\\Router->newRoute('POST', 'api/auth/login', Array)
#5 C:\\Users\\A2RJ\\Documents\\GitHub\\KAMPUS\\SIMPADE\\API\\vendor\\laravel\\framework\\src\\Illuminate\\Routing\\Router.php(459): Illuminate\\Routing\\Router->createRoute('POST', '/login', Array)
#6 C:\\Users\\A2RJ\\Documents\\GitHub\\KAMPUS\\SIMPADE\\API\\vendor\\laravel\\framework\\src\\Illuminate\\Routing\\Router.php(161): Illuminate\\Routing\\Router->addRoute('POST', '/login', 'login')
#7 C:\\Users\\A2RJ\\Documents\\GitHub\\KAMPUS\\SIMPADE\\API\\vendor\\laravel\\framework\\src\\Illuminate\\Support\\Facades\\Facade.php(337): Illuminate\\Routing\\Router->post('/login', 'login')
#8 C:\\Users\\A2RJ\\Documents\\GitHub\\KAMPUS\\SIMPADE\\API\outes\\api.php(45): Illuminate\\Support\\Facades\\Facade::__callStatic('post', Array)
#9 C:\\Users\\A2RJ\\Documents\\GitHub\\KAMPUS\\SIMPADE\\API\\vendor\\laravel\\framework\\src\\Illuminate\\Routing\\Router.php(427): Illuminate\\Routing\\RouteFileRegistrar->{closure}(Object(Illuminate\\Routing\\Router))
#10 C:\\Users\\A2RJ\\Documents\\GitHub\\KAMPUS\\SIMPADE\\API\\vendor\\laravel\\framework\\src\\Illuminate\\Routing\\Router.php(385): Illuminate\\Routing\\Router->loadRoutes(Object(Closure))
#11 C:\\Users\\A2RJ\\Documents\\GitHub\\KAMPUS\\SIMPADE\\API\\vendor\\laravel\\framework\\src\\Illuminate\\Routing\\RouteRegistrar.php(163): Illuminate\\Routing\\Router->group(Array, Object(Closure))
#12 C:\\Users\\A2RJ\\Documents\\GitHub\\KAMPUS\\SIMPADE\\API\outes\\api.php(47): Illuminate\\Routing\\RouteRegistrar->group(Object(Closure))
#13 C:\\Users\\A2RJ\\Documents\\GitHub\\KAMPUS\\SIMPADE\\API\\vendor\\laravel\\framework\\src\\Illuminate\\Routing\\RouteFileRegistrar.php(35): require('C:\\\\Users\\\\A2RJ\\\\D...')
#14 C:\\Users\\A2RJ\\Documents\\GitHub\\KAMPUS\\SIMPADE\\API\\vendor\\laravel\\framework\\src\\Illuminate\\Routing\\Router.php(429): Illuminate\\Routing\\RouteFileRegistrar->register('C:\\\\Users\\\\A2RJ\\\\D...')
#15 C:\\Users\\A2RJ\\Documents\\GitHub\\KAMPUS\\SIMPADE\\API\\vendor\\laravel\\framework\\src\\Illuminate\\Routing\\Router.php(385): Illuminate\\Routing\\Router->loadRoutes('C:\\\\Users\\\\A2RJ\\\\D...')
#16 C:\\Users\\A2RJ\\Documents\\GitHub\\KAMPUS\\SIMPADE\\API\\vendor\\laravel\\framework\\src\\Illuminate\\Routing\\RouteRegistrar.php(163): Illuminate\\Routing\\Router->group(Array, 'C:\\\\Users\\\\A2RJ\\\\D...')
#17 C:\\Users\\A2RJ\\Documents\\GitHub\\KAMPUS\\SIMPADE\\API\\app\\Providers\\RouteServiceProvider.php(34): Illuminate\\Routing\\RouteRegistrar->group('C:\\\\Users\\\\A2RJ\\\\D...')
#18 C:\\Users\\A2RJ\\Documents\\GitHub\\KAMPUS\\SIMPADE\\API\\vendor\\laravel\\framework\\src\\Illuminate\\Container\\BoundMethod.php(36): App\\Providers\\RouteServiceProvider->App\\Providers\\{closure}()
#19 C:\\Users\\A2RJ\\Documents\\GitHub\\KAMPUS\\SIMPADE\\API\\vendor\\laravel\\framework\\src\\Illuminate\\Container\\Util.php(41): Illuminate\\Container\\BoundMethod::Illuminate\\Container\\{closure}()
#20 C:\\Users\\A2RJ\\Documents\\GitHub\\KAMPUS\\SIMPADE\\API\\vendor\\laravel\\framework\\src\\Illuminate\\Container\\BoundMethod.php(81): Illuminate\\Container\\Util::unwrapIfClosure(Object(Closure))
#21 C:\\Users\\A2RJ\\Documents\\GitHub\\KAMPUS\\SIMPADE\\API\\vendor\\laravel\\framework\\src\\Illuminate\\Container\\BoundMethod.php(37): Illuminate\\Container\\BoundMethod::callBoundMethod(Object(Illuminate\\Foundation\\Application), Object(Closure), Object(Closure))
#22 C:\\Users\\A2RJ\\Documents\\GitHub\\KAMPUS\\SIMPADE\\API\\vendor\\laravel\\framework\\src\\Illuminate\\Container\\Container.php(653): Illuminate\\Container\\BoundMethod::call(Object(Illuminate\\Foundation\\Application), Object(Closure), Array, NULL)
#23 C:\\Users\\A2RJ\\Documents\\GitHub\\KAMPUS\\SIMPADE\\API\\vendor\\laravel\\framework\\src\\Illuminate\\Foundation\\Support\\Providers\\RouteServiceProvider.php(120): Illuminate\\Container\\Container->call(Object(Closure))
#24 C:\\Users\\A2RJ\\Documents\\GitHub\\KAMPUS\\SIMPADE\\API\\vendor\\laravel\\framework\\src\\Illuminate\\Foundation\\Support\\Providers\\RouteServiceProvider.php(45): Illuminate\\Foundation\\Support\\Providers\\RouteServiceProvider->loadRoutes()
#25 C:\\Users\\A2RJ\\Documents\\GitHub\\KAMPUS\\SIMPADE\\API\\vendor\\laravel\\framework\\src\\Illuminate\\Container\\BoundMethod.php(36): Illuminate\\Foundation\\Support\\Providers\\RouteServiceProvider->Illuminate\\Foundation\\Support\\Providers\\{closure}()
#26 C:\\Users\\A2RJ\\Documents\\GitHub\\KAMPUS\\SIMPADE\\API\\vendor\\laravel\\framework\\src\\Illuminate\\Container\\Util.php(41): Illuminate\\Container\\BoundMethod::Illuminate\\Container\\{closure}()
#27 C:\\Users\\A2RJ\\Documents\\GitHub\\KAMPUS\\SIMPADE\\API\\vendor\\laravel\\framework\\src\\Illuminate\\Container\\BoundMethod.php(81): Illuminate\\Container\\Util::unwrapIfClosure(Object(Closure))
#28 C:\\Users\\A2RJ\\Documents\\GitHub\\KAMPUS\\SIMPADE\\API\\vendor\\laravel\\framework\\src\\Illuminate\\Container\\BoundMethod.php(37): Illuminate\\Container\\BoundMethod::callBoundMethod(Object(Illuminate\\Foundation\\Application), Object(Closure), Object(Closure))
#29 C:\\Users\\A2RJ\\Documents\\GitHub\\KAMPUS\\SIMPADE\\API\\vendor\\laravel\\framework\\src\\Illuminate\\Container\\Container.php(653): Illuminate\\Container\\BoundMethod::call(Object(Illuminate\\Foundation\\Application), Object(Closure), Array, NULL)
#30 C:\\Users\\A2RJ\\Documents\\GitHub\\KAMPUS\\SIMPADE\\API\\vendor\\laravel\\framework\\src\\Illuminate\\Support\\ServiceProvider.php(119): Illuminate\\Container\\Container->call(Object(Closure))
#31 C:\\Users\\A2RJ\\Documents\\GitHub\\KAMPUS\\SIMPADE\\API\\vendor\\laravel\\framework\\src\\Illuminate\\Foundation\\Application.php(931): Illuminate\\Support\\ServiceProvider->callBootedCallbacks()
#32 C:\\Users\\A2RJ\\Documents\\GitHub\\KAMPUS\\SIMPADE\\API\\vendor\\laravel\\framework\\src\\Illuminate\\Foundation\\Application.php(909): Illuminate\\Foundation\\Application->bootProvider(Object(App\\Providers\\RouteServiceProvider))
#33 [internal function]: Illuminate\\Foundation\\Application->Illuminate\\Foundation\\{closure}(Object(App\\Providers\\RouteServiceProvider), 22)
#34 C:\\Users\\A2RJ\\Documents\\GitHub\\KAMPUS\\SIMPADE\\API\\vendor\\laravel\\framework\\src\\Illuminate\\Foundation\\Application.php(910): array_walk(Array, Object(Closure))
#35 C:\\Users\\A2RJ\\Documents\\GitHub\\KAMPUS\\SIMPADE\\API\\vendor\\laravel\\framework\\src\\Illuminate\\Foundation\\Bootstrap\\BootProviders.php(17): Illuminate\\Foundation\\Application->boot()
#36 C:\\Users\\A2RJ\\Documents\\GitHub\\KAMPUS\\SIMPADE\\API\\vendor\\laravel\\framework\\src\\Illuminate\\Foundation\\Application.php(239): Illuminate\\Foundation\\Bootstrap\\BootProviders->bootstrap(Object(Illuminate\\Foundation\\Application))
#37 C:\\Users\\A2RJ\\Documents\\GitHub\\KAMPUS\\SIMPADE\\API\\vendor\\laravel\\framework\\src\\Illuminate\\Foundation\\Http\\Kernel.php(153): Illuminate\\Foundation\\Application->bootstrapWith(Array)
#38 C:\\Users\\A2RJ\\Documents\\GitHub\\KAMPUS\\SIMPADE\\API\\vendor\\laravel\\framework\\src\\Illuminate\\Foundation\\Http\\Kernel.php(137): Illuminate\\Foundation\\Http\\Kernel->bootstrap()
#39 C:\\Users\\A2RJ\\Documents\\GitHub\\KAMPUS\\SIMPADE\\API\\vendor\\laravel\\framework\\src\\Illuminate\\Foundation\\Http\\Kernel.php(111): Illuminate\\Foundation\\Http\\Kernel->sendRequestThroughRouter(Object(Illuminate\\Http\\Request))
#40 C:\\Users\\A2RJ\\Documents\\GitHub\\KAMPUS\\SIMPADE\\API\\public\\index.php(52): Illuminate\\Foundation\\Http\\Kernel->handle(Object(Illuminate\\Http\\Request))
#41 C:\\Users\\A2RJ\\Documents\\GitHub\\KAMPUS\\SIMPADE\\API\\vendor\\laravel\\framework\\src\\Illuminate\\Foundation\esources\\server.php(16): require_once('C:\\\\Users\\\\A2RJ\\\\D...')
#42 {main}
"} 
[2022-03-15 02:14:19] local.ERROR: Invalid route action: [login]. {"exception":"[object] (UnexpectedValueException(code: 0): Invalid route action: [login]. at C:\\Users\\A2RJ\\Documents\\GitHub\\KAMPUS\\SIMPADE\\API\\vendor\\laravel\\framework\\src\\Illuminate\\Routing\\RouteAction.php:92)
[stacktrace]
#0 C:\\Users\\A2RJ\\Documents\\GitHub\\KAMPUS\\SIMPADE\\API\\vendor\\laravel\\framework\\src\\Illuminate\\Routing\\RouteAction.php(47): Illuminate\\Routing\\RouteAction::makeInvokable('login')
#1 C:\\Users\\A2RJ\\Documents\\GitHub\\KAMPUS\\SIMPADE\\API\\vendor\\laravel\\framework\\src\\Illuminate\\Routing\\Route.php(190): Illuminate\\Routing\\RouteAction::parse('api/auth/login', Array)
#2 C:\\Users\\A2RJ\\Documents\\GitHub\\KAMPUS\\SIMPADE\\API\\vendor\\laravel\\framework\\src\\Illuminate\\Routing\\Route.php(171): Illuminate\\Routing\\Route->parseAction(Array)
#3 C:\\Users\\A2RJ\\Documents\\GitHub\\KAMPUS\\SIMPADE\\API\\vendor\\laravel\\framework\\src\\Illuminate\\Routing\\Router.php(587): Illuminate\\Routing\\Route->__construct('POST', 'api/auth/login', Array)
#4 C:\\Users\\A2RJ\\Documents\\GitHub\\KAMPUS\\SIMPADE\\API\\vendor\\laravel\\framework\\src\\Illuminate\\Routing\\Router.php(480): Illuminate\\Routing\\Router->newRoute('POST', 'api/auth/login', Array)
#5 C:\\Users\\A2RJ\\Documents\\GitHub\\KAMPUS\\SIMPADE\\API\\vendor\\laravel\\framework\\src\\Illuminate\\Routing\\Router.php(459): Illuminate\\Routing\\Router->createRoute('POST', '/login', Array)
#6 C:\\Users\\A2RJ\\Documents\\GitHub\\KAMPUS\\SIMPADE\\API\\vendor\\laravel\\framework\\src\\Illuminate\\Routing\\Router.php(161): Illuminate\\Routing\\Router->addRoute('POST', '/login', 'login')
#7 C:\\Users\\A2RJ\\Documents\\GitHub\\KAMPUS\\SIMPADE\\API\\vendor\\laravel\\framework\\src\\Illuminate\\Support\\Facades\\Facade.php(337): Illuminate\\Routing\\Router->post('/login', 'login')
#8 C:\\Users\\A2RJ\\Documents\\GitHub\\KAMPUS\\SIMPADE\\API\outes\\api.php(45): Illuminate\\Support\\Facades\\Facade::__callStatic('post', Array)
#9 C:\\Users\\A2RJ\\Documents\\GitHub\\KAMPUS\\SIMPADE\\API\\vendor\\laravel\\framework\\src\\Illuminate\\Routing\\Router.php(427): Illuminate\\Routing\\RouteFileRegistrar->{closure}(Object(Illuminate\\Routing\\Router))
#10 C:\\Users\\A2RJ\\Documents\\GitHub\\KAMPUS\\SIMPADE\\API\\vendor\\laravel\\framework\\src\\Illuminate\\Routing\\Router.php(385): Illuminate\\Routing\\Router->loadRoutes(Object(Closure))
#11 C:\\Users\\A2RJ\\Documents\\GitHub\\KAMPUS\\SIMPADE\\API\\vendor\\laravel\\framework\\src\\Illuminate\\Routing\\RouteRegistrar.php(163): Illuminate\\Routing\\Router->group(Array, Object(Closure))
#12 C:\\Users\\A2RJ\\Documents\\GitHub\\KAMPUS\\SIMPADE\\API\outes\\api.php(47): Illuminate\\Routing\\RouteRegistrar->group(Object(Closure))
#13 C:\\Users\\A2RJ\\Documents\\GitHub\\KAMPUS\\SIMPADE\\API\\vendor\\laravel\\framework\\src\\Illuminate\\Routing\\RouteFileRegistrar.php(35): require('C:\\\\Users\\\\A2RJ\\\\D...')
#14 C:\\Users\\A2RJ\\Documents\\GitHub\\KAMPUS\\SIMPADE\\API\\vendor\\laravel\\framework\\src\\Illuminate\\Routing\\Router.php(429): Illuminate\\Routing\\RouteFileRegistrar->register('C:\\\\Users\\\\A2RJ\\\\D...')
#15 C:\\Users\\A2RJ\\Documents\\GitHub\\KAMPUS\\SIMPADE\\API\\vendor\\laravel\\framework\\src\\Illuminate\\Routing\\Router.php(385): Illuminate\\Routing\\Router->loadRoutes('C:\\\\Users\\\\A2RJ\\\\D...')
#16 C:\\Users\\A2RJ\\Documents\\GitHub\\KAMPUS\\SIMPADE\\API\\vendor\\laravel\\framework\\src\\Illuminate\\Routing\\RouteRegistrar.php(163): Illuminate\\Routing\\Router->group(Array, 'C:\\\\Users\\\\A2RJ\\\\D...')
#17 C:\\Users\\A2RJ\\Documents\\GitHub\\KAMPUS\\SIMPADE\\API\\app\\Providers\\RouteServiceProvider.php(34): Illuminate\\Routing\\RouteRegistrar->group('C:\\\\Users\\\\A2RJ\\\\D...')
#18 C:\\Users\\A2RJ\\Documents\\GitHub\\KAMPUS\\SIMPADE\\API\\vendor\\laravel\\framework\\src\\Illuminate\\Container\\BoundMethod.php(36): App\\Providers\\RouteServiceProvider->App\\Providers\\{closure}()
#19 C:\\Users\\A2RJ\\Documents\\GitHub\\KAMPUS\\SIMPADE\\API\\vendor\\laravel\\framework\\src\\Illuminate\\Container\\Util.php(41): Illuminate\\Container\\BoundMethod::Illuminate\\Container\\{closure}()
#20 C:\\Users\\A2RJ\\Documents\\GitHub\\KAMPUS\\SIMPADE\\API\\vendor\\laravel\\framework\\src\\Illuminate\\Container\\BoundMethod.php(81): Illuminate\\Container\\Util::unwrapIfClosure(Object(Closure))
#21 C:\\Users\\A2RJ\\Documents\\GitHub\\KAMPUS\\SIMPADE\\API\\vendor\\laravel\\framework\\src\\Illuminate\\Container\\BoundMethod.php(37): Illuminate\\Container\\BoundMethod::callBoundMethod(Object(Illuminate\\Foundation\\Application), Object(Closure), Object(Closure))
#22 C:\\Users\\A2RJ\\Documents\\GitHub\\KAMPUS\\SIMPADE\\API\\vendor\\laravel\\framework\\src\\Illuminate\\Container\\Container.php(653): Illuminate\\Container\\BoundMethod::call(Object(Illuminate\\Foundation\\Application), Object(Closure), Array, NULL)
#23 C:\\Users\\A2RJ\\Documents\\GitHub\\KAMPUS\\SIMPADE\\API\\vendor\\laravel\\framework\\src\\Illuminate\\Foundation\\Support\\Providers\\RouteServiceProvider.php(120): Illuminate\\Container\\Container->call(Object(Closure))
#24 C:\\Users\\A2RJ\\Documents\\GitHub\\KAMPUS\\SIMPADE\\API\\vendor\\laravel\\framework\\src\\Illuminate\\Foundation\\Support\\Providers\\RouteServiceProvider.php(45): Illuminate\\Foundation\\Support\\Providers\\RouteServiceProvider->loadRoutes()
#25 C:\\Users\\A2RJ\\Documents\\GitHub\\KAMPUS\\SIMPADE\\API\\vendor\\laravel\\framework\\src\\Illuminate\\Container\\BoundMethod.php(36): Illuminate\\Foundation\\Support\\Providers\\RouteServiceProvider->Illuminate\\Foundation\\Support\\Providers\\{closure}()
#26 C:\\Users\\A2RJ\\Documents\\GitHub\\KAMPUS\\SIMPADE\\API\\vendor\\laravel\\framework\\src\\Illuminate\\Container\\Util.php(41): Illuminate\\Container\\BoundMethod::Illuminate\\Container\\{closure}()
#27 C:\\Users\\A2RJ\\Documents\\GitHub\\KAMPUS\\SIMPADE\\API\\vendor\\laravel\\framework\\src\\Illuminate\\Container\\BoundMethod.php(81): Illuminate\\Container\\Util::unwrapIfClosure(Object(Closure))
#28 C:\\Users\\A2RJ\\Documents\\GitHub\\KAMPUS\\SIMPADE\\API\\vendor\\laravel\\framework\\src\\Illuminate\\Container\\BoundMethod.php(37): Illuminate\\Container\\BoundMethod::callBoundMethod(Object(Illuminate\\Foundation\\Application), Object(Closure), Object(Closure))
#29 C:\\Users\\A2RJ\\Documents\\GitHub\\KAMPUS\\SIMPADE\\API\\vendor\\laravel\\framework\\src\\Illuminate\\Container\\Container.php(653): Illuminate\\Container\\BoundMethod::call(Object(Illuminate\\Foundation\\Application), Object(Closure), Array, NULL)
#30 C:\\Users\\A2RJ\\Documents\\GitHub\\KAMPUS\\SIMPADE\\API\\vendor\\laravel\\framework\\src\\Illuminate\\Support\\ServiceProvider.php(119): Illuminate\\Container\\Container->call(Object(Closure))
#31 C:\\Users\\A2RJ\\Documents\\GitHub\\KAMPUS\\SIMPADE\\API\\vendor\\laravel\\framework\\src\\Illuminate\\Foundation\\Application.php(931): Illuminate\\Support\\ServiceProvider->callBootedCallbacks()
#32 C:\\Users\\A2RJ\\Documents\\GitHub\\KAMPUS\\SIMPADE\\API\\vendor\\laravel\\framework\\src\\Illuminate\\Foundation\\Application.php(909): Illuminate\\Foundation\\Application->bootProvider(Object(App\\Providers\\RouteServiceProvider))
#33 [internal function]: Illuminate\\Foundation\\Application->Illuminate\\Foundation\\{closure}(Object(App\\Providers\\RouteServiceProvider), 22)
#34 C:\\Users\\A2RJ\\Documents\\GitHub\\KAMPUS\\SIMPADE\\API\\vendor\\laravel\\framework\\src\\Illuminate\\Foundation\\Application.php(910): array_walk(Array, Object(Closure))
#35 C:\\Users\\A2RJ\\Documents\\GitHub\\KAMPUS\\SIMPADE\\API\\vendor\\laravel\\framework\\src\\Illuminate\\Foundation\\Bootstrap\\BootProviders.php(17): Illuminate\\Foundation\\Application->boot()
#36 C:\\Users\\A2RJ\\Documents\\GitHub\\KAMPUS\\SIMPADE\\API\\vendor\\laravel\\framework\\src\\Illuminate\\Foundation\\Application.php(239): Illuminate\\Foundation\\Bootstrap\\BootProviders->bootstrap(Object(Illuminate\\Foundation\\Application))
#37 C:\\Users\\A2RJ\\Documents\\GitHub\\KAMPUS\\SIMPADE\\API\\vendor\\laravel\\framework\\src\\Illuminate\\Foundation\\Http\\Kernel.php(153): Illuminate\\Foundation\\Application->bootstrapWith(Array)
#38 C:\\Users\\A2RJ\\Documents\\GitHub\\KAMPUS\\SIMPADE\\API\\vendor\\laravel\\framework\\src\\Illuminate\\Foundation\\Http\\Kernel.php(137): Illuminate\\Foundation\\Http\\Kernel->bootstrap()
#39 C:\\Users\\A2RJ\\Documents\\GitHub\\KAMPUS\\SIMPADE\\API\\vendor\\laravel\\framework\\src\\Illuminate\\Foundation\\Http\\Kernel.php(111): Illuminate\\Foundation\\Http\\Kernel->sendRequestThroughRouter(Object(Illuminate\\Http\\Request))
#40 C:\\Users\\A2RJ\\Documents\\GitHub\\KAMPUS\\SIMPADE\\API\\public\\index.php(52): Illuminate\\Foundation\\Http\\Kernel->handle(Object(Illuminate\\Http\\Request))
#41 C:\\Users\\A2RJ\\Documents\\GitHub\\KAMPUS\\SIMPADE\\API\\vendor\\laravel\\framework\\src\\Illuminate\\Foundation\esources\\server.php(16): require_once('C:\\\\Users\\\\A2RJ\\\\D...')
#42 {main}
"} 
[2022-03-15 02:14:30] local.ERROR: Invalid route action: [login]. {"exception":"[object] (UnexpectedValueException(code: 0): Invalid route action: [login]. at C:\\Users\\A2RJ\\Documents\\GitHub\\KAMPUS\\SIMPADE\\API\\vendor\\laravel\\framework\\src\\Illuminate\\Routing\\RouteAction.php:92)
[stacktrace]
#0 C:\\Users\\A2RJ\\Documents\\GitHub\\KAMPUS\\SIMPADE\\API\\vendor\\laravel\\framework\\src\\Illuminate\\Routing\\RouteAction.php(47): Illuminate\\Routing\\RouteAction::makeInvokable('login')
#1 C:\\Users\\A2RJ\\Documents\\GitHub\\KAMPUS\\SIMPADE\\API\\vendor\\laravel\\framework\\src\\Illuminate\\Routing\\Route.php(190): Illuminate\\Routing\\RouteAction::parse('api/auth/login', Array)
#2 C:\\Users\\A2RJ\\Documents\\GitHub\\KAMPUS\\SIMPADE\\API\\vendor\\laravel\\framework\\src\\Illuminate\\Routing\\Route.php(171): Illuminate\\Routing\\Route->parseAction(Array)
#3 C:\\Users\\A2RJ\\Documents\\GitHub\\KAMPUS\\SIMPADE\\API\\vendor\\laravel\\framework\\src\\Illuminate\\Routing\\Router.php(587): Illuminate\\Routing\\Route->__construct('POST', 'api/auth/login', Array)
#4 C:\\Users\\A2RJ\\Documents\\GitHub\\KAMPUS\\SIMPADE\\API\\vendor\\laravel\\framework\\src\\Illuminate\\Routing\\Router.php(480): Illuminate\\Routing\\Router->newRoute('POST', 'api/auth/login', Array)
#5 C:\\Users\\A2RJ\\Documents\\GitHub\\KAMPUS\\SIMPADE\\API\\vendor\\laravel\\framework\\src\\Illuminate\\Routing\\Router.php(459): Illuminate\\Routing\\Router->createRoute('POST', '/login', Array)
#6 C:\\Users\\A2RJ\\Documents\\GitHub\\KAMPUS\\SIMPADE\\API\\vendor\\laravel\\framework\\src\\Illuminate\\Routing\\Router.php(161): Illuminate\\Routing\\Router->addRoute('POST', '/login', 'login')
#7 C:\\Users\\A2RJ\\Documents\\GitHub\\KAMPUS\\SIMPADE\\API\\vendor\\laravel\\framework\\src\\Illuminate\\Support\\Facades\\Facade.php(337): Illuminate\\Routing\\Router->post('/login', 'login')
#8 C:\\Users\\A2RJ\\Documents\\GitHub\\KAMPUS\\SIMPADE\\API\outes\\api.php(45): Illuminate\\Support\\Facades\\Facade::__callStatic('post', Array)
#9 C:\\Users\\A2RJ\\Documents\\GitHub\\KAMPUS\\SIMPADE\\API\\vendor\\laravel\\framework\\src\\Illuminate\\Routing\\Router.php(427): Illuminate\\Routing\\RouteFileRegistrar->{closure}(Object(Illuminate\\Routing\\Router))
#10 C:\\Users\\A2RJ\\Documents\\GitHub\\KAMPUS\\SIMPADE\\API\\vendor\\laravel\\framework\\src\\Illuminate\\Routing\\Router.php(385): Illuminate\\Routing\\Router->loadRoutes(Object(Closure))
#11 C:\\Users\\A2RJ\\Documents\\GitHub\\KAMPUS\\SIMPADE\\API\\vendor\\laravel\\framework\\src\\Illuminate\\Routing\\RouteRegistrar.php(163): Illuminate\\Routing\\Router->group(Array, Object(Closure))
#12 C:\\Users\\A2RJ\\Documents\\GitHub\\KAMPUS\\SIMPADE\\API\outes\\api.php(47): Illuminate\\Routing\\RouteRegistrar->group(Object(Closure))
#13 C:\\Users\\A2RJ\\Documents\\GitHub\\KAMPUS\\SIMPADE\\API\\vendor\\laravel\\framework\\src\\Illuminate\\Routing\\RouteFileRegistrar.php(35): require('C:\\\\Users\\\\A2RJ\\\\D...')
#14 C:\\Users\\A2RJ\\Documents\\GitHub\\KAMPUS\\SIMPADE\\API\\vendor\\laravel\\framework\\src\\Illuminate\\Routing\\Router.php(429): Illuminate\\Routing\\RouteFileRegistrar->register('C:\\\\Users\\\\A2RJ\\\\D...')
#15 C:\\Users\\A2RJ\\Documents\\GitHub\\KAMPUS\\SIMPADE\\API\\vendor\\laravel\\framework\\src\\Illuminate\\Routing\\Router.php(385): Illuminate\\Routing\\Router->loadRoutes('C:\\\\Users\\\\A2RJ\\\\D...')
#16 C:\\Users\\A2RJ\\Documents\\GitHub\\KAMPUS\\SIMPADE\\API\\vendor\\laravel\\framework\\src\\Illuminate\\Routing\\RouteRegistrar.php(163): Illuminate\\Routing\\Router->group(Array, 'C:\\\\Users\\\\A2RJ\\\\D...')
#17 C:\\Users\\A2RJ\\Documents\\GitHub\\KAMPUS\\SIMPADE\\API\\app\\Providers\\RouteServiceProvider.php(34): Illuminate\\Routing\\RouteRegistrar->group('C:\\\\Users\\\\A2RJ\\\\D...')
#18 C:\\Users\\A2RJ\\Documents\\GitHub\\KAMPUS\\SIMPADE\\API\\vendor\\laravel\\framework\\src\\Illuminate\\Container\\BoundMethod.php(36): App\\Providers\\RouteServiceProvider->App\\Providers\\{closure}()
#19 C:\\Users\\A2RJ\\Documents\\GitHub\\KAMPUS\\SIMPADE\\API\\vendor\\laravel\\framework\\src\\Illuminate\\Container\\Util.php(41): Illuminate\\Container\\BoundMethod::Illuminate\\Container\\{closure}()
#20 C:\\Users\\A2RJ\\Documents\\GitHub\\KAMPUS\\SIMPADE\\API\\vendor\\laravel\\framework\\src\\Illuminate\\Container\\BoundMethod.php(81): Illuminate\\Container\\Util::unwrapIfClosure(Object(Closure))
#21 C:\\Users\\A2RJ\\Documents\\GitHub\\KAMPUS\\SIMPADE\\API\\vendor\\laravel\\framework\\src\\Illuminate\\Container\\BoundMethod.php(37): Illuminate\\Container\\BoundMethod::callBoundMethod(Object(Illuminate\\Foundation\\Application), Object(Closure), Object(Closure))
#22 C:\\Users\\A2RJ\\Documents\\GitHub\\KAMPUS\\SIMPADE\\API\\vendor\\laravel\\framework\\src\\Illuminate\\Container\\Container.php(653): Illuminate\\Container\\BoundMethod::call(Object(Illuminate\\Foundation\\Application), Object(Closure), Array, NULL)
#23 C:\\Users\\A2RJ\\Documents\\GitHub\\KAMPUS\\SIMPADE\\API\\vendor\\laravel\\framework\\src\\Illuminate\\Foundation\\Support\\Providers\\RouteServiceProvider.php(120): Illuminate\\Container\\Container->call(Object(Closure))
#24 C:\\Users\\A2RJ\\Documents\\GitHub\\KAMPUS\\SIMPADE\\API\\vendor\\laravel\\framework\\src\\Illuminate\\Foundation\\Support\\Providers\\RouteServiceProvider.php(45): Illuminate\\Foundation\\Support\\Providers\\RouteServiceProvider->loadRoutes()
#25 C:\\Users\\A2RJ\\Documents\\GitHub\\KAMPUS\\SIMPADE\\API\\vendor\\laravel\\framework\\src\\Illuminate\\Container\\BoundMethod.php(36): Illuminate\\Foundation\\Support\\Providers\\RouteServiceProvider->Illuminate\\Foundation\\Support\\Providers\\{closure}()
#26 C:\\Users\\A2RJ\\Documents\\GitHub\\KAMPUS\\SIMPADE\\API\\vendor\\laravel\\framework\\src\\Illuminate\\Container\\Util.php(41): Illuminate\\Container\\BoundMethod::Illuminate\\Container\\{closure}()
#27 C:\\Users\\A2RJ\\Documents\\GitHub\\KAMPUS\\SIMPADE\\API\\vendor\\laravel\\framework\\src\\Illuminate\\Container\\BoundMethod.php(81): Illuminate\\Container\\Util::unwrapIfClosure(Object(Closure))
#28 C:\\Users\\A2RJ\\Documents\\GitHub\\KAMPUS\\SIMPADE\\API\\vendor\\laravel\\framework\\src\\Illuminate\\Container\\BoundMethod.php(37): Illuminate\\Container\\BoundMethod::callBoundMethod(Object(Illuminate\\Foundation\\Application), Object(Closure), Object(Closure))
#29 C:\\Users\\A2RJ\\Documents\\GitHub\\KAMPUS\\SIMPADE\\API\\vendor\\laravel\\framework\\src\\Illuminate\\Container\\Container.php(653): Illuminate\\Container\\BoundMethod::call(Object(Illuminate\\Foundation\\Application), Object(Closure), Array, NULL)
#30 C:\\Users\\A2RJ\\Documents\\GitHub\\KAMPUS\\SIMPADE\\API\\vendor\\laravel\\framework\\src\\Illuminate\\Support\\ServiceProvider.php(119): Illuminate\\Container\\Container->call(Object(Closure))
#31 C:\\Users\\A2RJ\\Documents\\GitHub\\KAMPUS\\SIMPADE\\API\\vendor\\laravel\\framework\\src\\Illuminate\\Foundation\\Application.php(931): Illuminate\\Support\\ServiceProvider->callBootedCallbacks()
#32 C:\\Users\\A2RJ\\Documents\\GitHub\\KAMPUS\\SIMPADE\\API\\vendor\\laravel\\framework\\src\\Illuminate\\Foundation\\Application.php(909): Illuminate\\Foundation\\Application->bootProvider(Object(App\\Providers\\RouteServiceProvider))
#33 [internal function]: Illuminate\\Foundation\\Application->Illuminate\\Foundation\\{closure}(Object(App\\Providers\\RouteServiceProvider), 22)
#34 C:\\Users\\A2RJ\\Documents\\GitHub\\KAMPUS\\SIMPADE\\API\\vendor\\laravel\\framework\\src\\Illuminate\\Foundation\\Application.php(910): array_walk(Array, Object(Closure))
#35 C:\\Users\\A2RJ\\Documents\\GitHub\\KAMPUS\\SIMPADE\\API\\vendor\\laravel\\framework\\src\\Illuminate\\Foundation\\Bootstrap\\BootProviders.php(17): Illuminate\\Foundation\\Application->boot()
#36 C:\\Users\\A2RJ\\Documents\\GitHub\\KAMPUS\\SIMPADE\\API\\vendor\\laravel\\framework\\src\\Illuminate\\Foundation\\Application.php(239): Illuminate\\Foundation\\Bootstrap\\BootProviders->bootstrap(Object(Illuminate\\Foundation\\Application))
#37 C:\\Users\\A2RJ\\Documents\\GitHub\\KAMPUS\\SIMPADE\\API\\vendor\\laravel\\framework\\src\\Illuminate\\Foundation\\Http\\Kernel.php(153): Illuminate\\Foundation\\Application->bootstrapWith(Array)
#38 C:\\Users\\A2RJ\\Documents\\GitHub\\KAMPUS\\SIMPADE\\API\\vendor\\laravel\\framework\\src\\Illuminate\\Foundation\\Http\\Kernel.php(137): Illuminate\\Foundation\\Http\\Kernel->bootstrap()
#39 C:\\Users\\A2RJ\\Documents\\GitHub\\KAMPUS\\SIMPADE\\API\\vendor\\laravel\\framework\\src\\Illuminate\\Foundation\\Http\\Kernel.php(111): Illuminate\\Foundation\\Http\\Kernel->sendRequestThroughRouter(Object(Illuminate\\Http\\Request))
#40 C:\\Users\\A2RJ\\Documents\\GitHub\\KAMPUS\\SIMPADE\\API\\public\\index.php(52): Illuminate\\Foundation\\Http\\Kernel->handle(Object(Illuminate\\Http\\Request))
#41 C:\\Users\\A2RJ\\Documents\\GitHub\\KAMPUS\\SIMPADE\\API\\vendor\\laravel\\framework\\src\\Illuminate\\Foundation\esources\\server.php(16): require_once('C:\\\\Users\\\\A2RJ\\\\D...')
#42 {main}
"} 
[2022-03-15 02:14:46] local.ERROR: Invalid route action: [login]. {"exception":"[object] (UnexpectedValueException(code: 0): Invalid route action: [login]. at C:\\Users\\A2RJ\\Documents\\GitHub\\KAMPUS\\SIMPADE\\API\\vendor\\laravel\\framework\\src\\Illuminate\\Routing\\RouteAction.php:92)
[stacktrace]
#0 C:\\Users\\A2RJ\\Documents\\GitHub\\KAMPUS\\SIMPADE\\API\\vendor\\laravel\\framework\\src\\Illuminate\\Routing\\RouteAction.php(47): Illuminate\\Routing\\RouteAction::makeInvokable('login')
#1 C:\\Users\\A2RJ\\Documents\\GitHub\\KAMPUS\\SIMPADE\\API\\vendor\\laravel\\framework\\src\\Illuminate\\Routing\\Route.php(190): Illuminate\\Routing\\RouteAction::parse('api/auth/login', Array)
#2 C:\\Users\\A2RJ\\Documents\\GitHub\\KAMPUS\\SIMPADE\\API\\vendor\\laravel\\framework\\src\\Illuminate\\Routing\\Route.php(171): Illuminate\\Routing\\Route->parseAction(Array)
#3 C:\\Users\\A2RJ\\Documents\\GitHub\\KAMPUS\\SIMPADE\\API\\vendor\\laravel\\framework\\src\\Illuminate\\Routing\\Router.php(587): Illuminate\\Routing\\Route->__construct('POST', 'api/auth/login', Array)
#4 C:\\Users\\A2RJ\\Documents\\GitHub\\KAMPUS\\SIMPADE\\API\\vendor\\laravel\\framework\\src\\Illuminate\\Routing\\Router.php(480): Illuminate\\Routing\\Router->newRoute('POST', 'api/auth/login', Array)
#5 C:\\Users\\A2RJ\\Documents\\GitHub\\KAMPUS\\SIMPADE\\API\\vendor\\laravel\\framework\\src\\Illuminate\\Routing\\Router.php(459): Illuminate\\Routing\\Router->createRoute('POST', '/login', Array)
#6 C:\\Users\\A2RJ\\Documents\\GitHub\\KAMPUS\\SIMPADE\\API\\vendor\\laravel\\framework\\src\\Illuminate\\Routing\\Router.php(161): Illuminate\\Routing\\Router->addRoute('POST', '/login', 'login')
#7 C:\\Users\\A2RJ\\Documents\\GitHub\\KAMPUS\\SIMPADE\\API\\vendor\\laravel\\framework\\src\\Illuminate\\Support\\Facades\\Facade.php(337): Illuminate\\Routing\\Router->post('/login', 'login')
#8 C:\\Users\\A2RJ\\Documents\\GitHub\\KAMPUS\\SIMPADE\\API\outes\\api.php(45): Illuminate\\Support\\Facades\\Facade::__callStatic('post', Array)
#9 C:\\Users\\A2RJ\\Documents\\GitHub\\KAMPUS\\SIMPADE\\API\\vendor\\laravel\\framework\\src\\Illuminate\\Routing\\Router.php(427): Illuminate\\Routing\\RouteFileRegistrar->{closure}(Object(Illuminate\\Routing\\Router))
#10 C:\\Users\\A2RJ\\Documents\\GitHub\\KAMPUS\\SIMPADE\\API\\vendor\\laravel\\framework\\src\\Illuminate\\Routing\\Router.php(385): Illuminate\\Routing\\Router->loadRoutes(Object(Closure))
#11 C:\\Users\\A2RJ\\Documents\\GitHub\\KAMPUS\\SIMPADE\\API\\vendor\\laravel\\framework\\src\\Illuminate\\Routing\\RouteRegistrar.php(163): Illuminate\\Routing\\Router->group(Array, Object(Closure))
#12 C:\\Users\\A2RJ\\Documents\\GitHub\\KAMPUS\\SIMPADE\\API\outes\\api.php(47): Illuminate\\Routing\\RouteRegistrar->group(Object(Closure))
#13 C:\\Users\\A2RJ\\Documents\\GitHub\\KAMPUS\\SIMPADE\\API\\vendor\\laravel\\framework\\src\\Illuminate\\Routing\\RouteFileRegistrar.php(35): require('C:\\\\Users\\\\A2RJ\\\\D...')
#14 C:\\Users\\A2RJ\\Documents\\GitHub\\KAMPUS\\SIMPADE\\API\\vendor\\laravel\\framework\\src\\Illuminate\\Routing\\Router.php(429): Illuminate\\Routing\\RouteFileRegistrar->register('C:\\\\Users\\\\A2RJ\\\\D...')
#15 C:\\Users\\A2RJ\\Documents\\GitHub\\KAMPUS\\SIMPADE\\API\\vendor\\laravel\\framework\\src\\Illuminate\\Routing\\Router.php(385): Illuminate\\Routing\\Router->loadRoutes('C:\\\\Users\\\\A2RJ\\\\D...')
#16 C:\\Users\\A2RJ\\Documents\\GitHub\\KAMPUS\\SIMPADE\\API\\vendor\\laravel\\framework\\src\\Illuminate\\Routing\\RouteRegistrar.php(163): Illuminate\\Routing\\Router->group(Array, 'C:\\\\Users\\\\A2RJ\\\\D...')
#17 C:\\Users\\A2RJ\\Documents\\GitHub\\KAMPUS\\SIMPADE\\API\\app\\Providers\\RouteServiceProvider.php(34): Illuminate\\Routing\\RouteRegistrar->group('C:\\\\Users\\\\A2RJ\\\\D...')
#18 C:\\Users\\A2RJ\\Documents\\GitHub\\KAMPUS\\SIMPADE\\API\\vendor\\laravel\\framework\\src\\Illuminate\\Container\\BoundMethod.php(36): App\\Providers\\RouteServiceProvider->App\\Providers\\{closure}()
#19 C:\\Users\\A2RJ\\Documents\\GitHub\\KAMPUS\\SIMPADE\\API\\vendor\\laravel\\framework\\src\\Illuminate\\Container\\Util.php(41): Illuminate\\Container\\BoundMethod::Illuminate\\Container\\{closure}()
#20 C:\\Users\\A2RJ\\Documents\\GitHub\\KAMPUS\\SIMPADE\\API\\vendor\\laravel\\framework\\src\\Illuminate\\Container\\BoundMethod.php(81): Illuminate\\Container\\Util::unwrapIfClosure(Object(Closure))
#21 C:\\Users\\A2RJ\\Documents\\GitHub\\KAMPUS\\SIMPADE\\API\\vendor\\laravel\\framework\\src\\Illuminate\\Container\\BoundMethod.php(37): Illuminate\\Container\\BoundMethod::callBoundMethod(Object(Illuminate\\Foundation\\Application), Object(Closure), Object(Closure))
#22 C:\\Users\\A2RJ\\Documents\\GitHub\\KAMPUS\\SIMPADE\\API\\vendor\\laravel\\framework\\src\\Illuminate\\Container\\Container.php(653): Illuminate\\Container\\BoundMethod::call(Object(Illuminate\\Foundation\\Application), Object(Closure), Array, NULL)
#23 C:\\Users\\A2RJ\\Documents\\GitHub\\KAMPUS\\SIMPADE\\API\\vendor\\laravel\\framework\\src\\Illuminate\\Foundation\\Support\\Providers\\RouteServiceProvider.php(120): Illuminate\\Container\\Container->call(Object(Closure))
#24 C:\\Users\\A2RJ\\Documents\\GitHub\\KAMPUS\\SIMPADE\\API\\vendor\\laravel\\framework\\src\\Illuminate\\Foundation\\Support\\Providers\\RouteServiceProvider.php(45): Illuminate\\Foundation\\Support\\Providers\\RouteServiceProvider->loadRoutes()
#25 C:\\Users\\A2RJ\\Documents\\GitHub\\KAMPUS\\SIMPADE\\API\\vendor\\laravel\\framework\\src\\Illuminate\\Container\\BoundMethod.php(36): Illuminate\\Foundation\\Support\\Providers\\RouteServiceProvider->Illuminate\\Foundation\\Support\\Providers\\{closure}()
#26 C:\\Users\\A2RJ\\Documents\\GitHub\\KAMPUS\\SIMPADE\\API\\vendor\\laravel\\framework\\src\\Illuminate\\Container\\Util.php(41): Illuminate\\Container\\BoundMethod::Illuminate\\Container\\{closure}()
#27 C:\\Users\\A2RJ\\Documents\\GitHub\\KAMPUS\\SIMPADE\\API\\vendor\\laravel\\framework\\src\\Illuminate\\Container\\BoundMethod.php(81): Illuminate\\Container\\Util::unwrapIfClosure(Object(Closure))
#28 C:\\Users\\A2RJ\\Documents\\GitHub\\KAMPUS\\SIMPADE\\API\\vendor\\laravel\\framework\\src\\Illuminate\\Container\\BoundMethod.php(37): Illuminate\\Container\\BoundMethod::callBoundMethod(Object(Illuminate\\Foundation\\Application), Object(Closure), Object(Closure))
#29 C:\\Users\\A2RJ\\Documents\\GitHub\\KAMPUS\\SIMPADE\\API\\vendor\\laravel\\framework\\src\\Illuminate\\Container\\Container.php(653): Illuminate\\Container\\BoundMethod::call(Object(Illuminate\\Foundation\\Application), Object(Closure), Array, NULL)
#30 C:\\Users\\A2RJ\\Documents\\GitHub\\KAMPUS\\SIMPADE\\API\\vendor\\laravel\\framework\\src\\Illuminate\\Support\\ServiceProvider.php(119): Illuminate\\Container\\Container->call(Object(Closure))
#31 C:\\Users\\A2RJ\\Documents\\GitHub\\KAMPUS\\SIMPADE\\API\\vendor\\laravel\\framework\\src\\Illuminate\\Foundation\\Application.php(931): Illuminate\\Support\\ServiceProvider->callBootedCallbacks()
#32 C:\\Users\\A2RJ\\Documents\\GitHub\\KAMPUS\\SIMPADE\\API\\vendor\\laravel\\framework\\src\\Illuminate\\Foundation\\Application.php(909): Illuminate\\Foundation\\Application->bootProvider(Object(App\\Providers\\RouteServiceProvider))
#33 [internal function]: Illuminate\\Foundation\\Application->Illuminate\\Foundation\\{closure}(Object(App\\Providers\\RouteServiceProvider), 22)
#34 C:\\Users\\A2RJ\\Documents\\GitHub\\KAMPUS\\SIMPADE\\API\\vendor\\laravel\\framework\\src\\Illuminate\\Foundation\\Application.php(910): array_walk(Array, Object(Closure))
#35 C:\\Users\\A2RJ\\Documents\\GitHub\\KAMPUS\\SIMPADE\\API\\vendor\\laravel\\framework\\src\\Illuminate\\Foundation\\Bootstrap\\BootProviders.php(17): Illuminate\\Foundation\\Application->boot()
#36 C:\\Users\\A2RJ\\Documents\\GitHub\\KAMPUS\\SIMPADE\\API\\vendor\\laravel\\framework\\src\\Illuminate\\Foundation\\Application.php(239): Illuminate\\Foundation\\Bootstrap\\BootProviders->bootstrap(Object(Illuminate\\Foundation\\Application))
#37 C:\\Users\\A2RJ\\Documents\\GitHub\\KAMPUS\\SIMPADE\\API\\vendor\\laravel\\framework\\src\\Illuminate\\Foundation\\Http\\Kernel.php(153): Illuminate\\Foundation\\Application->bootstrapWith(Array)
#38 C:\\Users\\A2RJ\\Documents\\GitHub\\KAMPUS\\SIMPADE\\API\\vendor\\laravel\\framework\\src\\Illuminate\\Foundation\\Http\\Kernel.php(137): Illuminate\\Foundation\\Http\\Kernel->bootstrap()
#39 C:\\Users\\A2RJ\\Documents\\GitHub\\KAMPUS\\SIMPADE\\API\\vendor\\laravel\\framework\\src\\Illuminate\\Foundation\\Http\\Kernel.php(111): Illuminate\\Foundation\\Http\\Kernel->sendRequestThroughRouter(Object(Illuminate\\Http\\Request))
#40 C:\\Users\\A2RJ\\Documents\\GitHub\\KAMPUS\\SIMPADE\\API\\public\\index.php(52): Illuminate\\Foundation\\Http\\Kernel->handle(Object(Illuminate\\Http\\Request))
#41 C:\\Users\\A2RJ\\Documents\\GitHub\\KAMPUS\\SIMPADE\\API\\vendor\\laravel\\framework\\src\\Illuminate\\Foundation\esources\\server.php(16): require_once('C:\\\\Users\\\\A2RJ\\\\D...')
#42 {main}
"} 
[2022-03-15 02:14:55] local.ERROR: Invalid route action: [login]. {"exception":"[object] (UnexpectedValueException(code: 0): Invalid route action: [login]. at C:\\Users\\A2RJ\\Documents\\GitHub\\KAMPUS\\SIMPADE\\API\\vendor\\laravel\\framework\\src\\Illuminate\\Routing\\RouteAction.php:92)
[stacktrace]
#0 C:\\Users\\A2RJ\\Documents\\GitHub\\KAMPUS\\SIMPADE\\API\\vendor\\laravel\\framework\\src\\Illuminate\\Routing\\RouteAction.php(47): Illuminate\\Routing\\RouteAction::makeInvokable('login')
#1 C:\\Users\\A2RJ\\Documents\\GitHub\\KAMPUS\\SIMPADE\\API\\vendor\\laravel\\framework\\src\\Illuminate\\Routing\\Route.php(190): Illuminate\\Routing\\RouteAction::parse('api/auth/login', Array)
#2 C:\\Users\\A2RJ\\Documents\\GitHub\\KAMPUS\\SIMPADE\\API\\vendor\\laravel\\framework\\src\\Illuminate\\Routing\\Route.php(171): Illuminate\\Routing\\Route->parseAction(Array)
#3 C:\\Users\\A2RJ\\Documents\\GitHub\\KAMPUS\\SIMPADE\\API\\vendor\\laravel\\framework\\src\\Illuminate\\Routing\\Router.php(587): Illuminate\\Routing\\Route->__construct('POST', 'api/auth/login', Array)
#4 C:\\Users\\A2RJ\\Documents\\GitHub\\KAMPUS\\SIMPADE\\API\\vendor\\laravel\\framework\\src\\Illuminate\\Routing\\Router.php(480): Illuminate\\Routing\\Router->newRoute('POST', 'api/auth/login', Array)
#5 C:\\Users\\A2RJ\\Documents\\GitHub\\KAMPUS\\SIMPADE\\API\\vendor\\laravel\\framework\\src\\Illuminate\\Routing\\Router.php(459): Illuminate\\Routing\\Router->createRoute('POST', '/login', Array)
#6 C:\\Users\\A2RJ\\Documents\\GitHub\\KAMPUS\\SIMPADE\\API\\vendor\\laravel\\framework\\src\\Illuminate\\Routing\\Router.php(161): Illuminate\\Routing\\Router->addRoute('POST', '/login', 'login')
#7 C:\\Users\\A2RJ\\Documents\\GitHub\\KAMPUS\\SIMPADE\\API\\vendor\\laravel\\framework\\src\\Illuminate\\Support\\Facades\\Facade.php(337): Illuminate\\Routing\\Router->post('/login', 'login')
#8 C:\\Users\\A2RJ\\Documents\\GitHub\\KAMPUS\\SIMPADE\\API\outes\\api.php(45): Illuminate\\Support\\Facades\\Facade::__callStatic('post', Array)
#9 C:\\Users\\A2RJ\\Documents\\GitHub\\KAMPUS\\SIMPADE\\API\\vendor\\laravel\\framework\\src\\Illuminate\\Routing\\Router.php(427): Illuminate\\Routing\\RouteFileRegistrar->{closure}(Object(Illuminate\\Routing\\Router))
#10 C:\\Users\\A2RJ\\Documents\\GitHub\\KAMPUS\\SIMPADE\\API\\vendor\\laravel\\framework\\src\\Illuminate\\Routing\\Router.php(385): Illuminate\\Routing\\Router->loadRoutes(Object(Closure))
#11 C:\\Users\\A2RJ\\Documents\\GitHub\\KAMPUS\\SIMPADE\\API\\vendor\\laravel\\framework\\src\\Illuminate\\Routing\\RouteRegistrar.php(163): Illuminate\\Routing\\Router->group(Array, Object(Closure))
#12 C:\\Users\\A2RJ\\Documents\\GitHub\\KAMPUS\\SIMPADE\\API\outes\\api.php(47): Illuminate\\Routing\\RouteRegistrar->group(Object(Closure))
#13 C:\\Users\\A2RJ\\Documents\\GitHub\\KAMPUS\\SIMPADE\\API\\vendor\\laravel\\framework\\src\\Illuminate\\Routing\\RouteFileRegistrar.php(35): require('C:\\\\Users\\\\A2RJ\\\\D...')
#14 C:\\Users\\A2RJ\\Documents\\GitHub\\KAMPUS\\SIMPADE\\API\\vendor\\laravel\\framework\\src\\Illuminate\\Routing\\Router.php(429): Illuminate\\Routing\\RouteFileRegistrar->register('C:\\\\Users\\\\A2RJ\\\\D...')
#15 C:\\Users\\A2RJ\\Documents\\GitHub\\KAMPUS\\SIMPADE\\API\\vendor\\laravel\\framework\\src\\Illuminate\\Routing\\Router.php(385): Illuminate\\Routing\\Router->loadRoutes('C:\\\\Users\\\\A2RJ\\\\D...')
#16 C:\\Users\\A2RJ\\Documents\\GitHub\\KAMPUS\\SIMPADE\\API\\vendor\\laravel\\framework\\src\\Illuminate\\Routing\\RouteRegistrar.php(163): Illuminate\\Routing\\Router->group(Array, 'C:\\\\Users\\\\A2RJ\\\\D...')
#17 C:\\Users\\A2RJ\\Documents\\GitHub\\KAMPUS\\SIMPADE\\API\\app\\Providers\\RouteServiceProvider.php(34): Illuminate\\Routing\\RouteRegistrar->group('C:\\\\Users\\\\A2RJ\\\\D...')
#18 C:\\Users\\A2RJ\\Documents\\GitHub\\KAMPUS\\SIMPADE\\API\\vendor\\laravel\\framework\\src\\Illuminate\\Container\\BoundMethod.php(36): App\\Providers\\RouteServiceProvider->App\\Providers\\{closure}()
#19 C:\\Users\\A2RJ\\Documents\\GitHub\\KAMPUS\\SIMPADE\\API\\vendor\\laravel\\framework\\src\\Illuminate\\Container\\Util.php(41): Illuminate\\Container\\BoundMethod::Illuminate\\Container\\{closure}()
#20 C:\\Users\\A2RJ\\Documents\\GitHub\\KAMPUS\\SIMPADE\\API\\vendor\\laravel\\framework\\src\\Illuminate\\Container\\BoundMethod.php(81): Illuminate\\Container\\Util::unwrapIfClosure(Object(Closure))
#21 C:\\Users\\A2RJ\\Documents\\GitHub\\KAMPUS\\SIMPADE\\API\\vendor\\laravel\\framework\\src\\Illuminate\\Container\\BoundMethod.php(37): Illuminate\\Container\\BoundMethod::callBoundMethod(Object(Illuminate\\Foundation\\Application), Object(Closure), Object(Closure))
#22 C:\\Users\\A2RJ\\Documents\\GitHub\\KAMPUS\\SIMPADE\\API\\vendor\\laravel\\framework\\src\\Illuminate\\Container\\Container.php(653): Illuminate\\Container\\BoundMethod::call(Object(Illuminate\\Foundation\\Application), Object(Closure), Array, NULL)
#23 C:\\Users\\A2RJ\\Documents\\GitHub\\KAMPUS\\SIMPADE\\API\\vendor\\laravel\\framework\\src\\Illuminate\\Foundation\\Support\\Providers\\RouteServiceProvider.php(120): Illuminate\\Container\\Container->call(Object(Closure))
#24 C:\\Users\\A2RJ\\Documents\\GitHub\\KAMPUS\\SIMPADE\\API\\vendor\\laravel\\framework\\src\\Illuminate\\Foundation\\Support\\Providers\\RouteServiceProvider.php(45): Illuminate\\Foundation\\Support\\Providers\\RouteServiceProvider->loadRoutes()
#25 C:\\Users\\A2RJ\\Documents\\GitHub\\KAMPUS\\SIMPADE\\API\\vendor\\laravel\\framework\\src\\Illuminate\\Container\\BoundMethod.php(36): Illuminate\\Foundation\\Support\\Providers\\RouteServiceProvider->Illuminate\\Foundation\\Support\\Providers\\{closure}()
#26 C:\\Users\\A2RJ\\Documents\\GitHub\\KAMPUS\\SIMPADE\\API\\vendor\\laravel\\framework\\src\\Illuminate\\Container\\Util.php(41): Illuminate\\Container\\BoundMethod::Illuminate\\Container\\{closure}()
#27 C:\\Users\\A2RJ\\Documents\\GitHub\\KAMPUS\\SIMPADE\\API\\vendor\\laravel\\framework\\src\\Illuminate\\Container\\BoundMethod.php(81): Illuminate\\Container\\Util::unwrapIfClosure(Object(Closure))
#28 C:\\Users\\A2RJ\\Documents\\GitHub\\KAMPUS\\SIMPADE\\API\\vendor\\laravel\\framework\\src\\Illuminate\\Container\\BoundMethod.php(37): Illuminate\\Container\\BoundMethod::callBoundMethod(Object(Illuminate\\Foundation\\Application), Object(Closure), Object(Closure))
#29 C:\\Users\\A2RJ\\Documents\\GitHub\\KAMPUS\\SIMPADE\\API\\vendor\\laravel\\framework\\src\\Illuminate\\Container\\Container.php(653): Illuminate\\Container\\BoundMethod::call(Object(Illuminate\\Foundation\\Application), Object(Closure), Array, NULL)
#30 C:\\Users\\A2RJ\\Documents\\GitHub\\KAMPUS\\SIMPADE\\API\\vendor\\laravel\\framework\\src\\Illuminate\\Support\\ServiceProvider.php(119): Illuminate\\Container\\Container->call(Object(Closure))
#31 C:\\Users\\A2RJ\\Documents\\GitHub\\KAMPUS\\SIMPADE\\API\\vendor\\laravel\\framework\\src\\Illuminate\\Foundation\\Application.php(931): Illuminate\\Support\\ServiceProvider->callBootedCallbacks()
#32 C:\\Users\\A2RJ\\Documents\\GitHub\\KAMPUS\\SIMPADE\\API\\vendor\\laravel\\framework\\src\\Illuminate\\Foundation\\Application.php(909): Illuminate\\Foundation\\Application->bootProvider(Object(App\\Providers\\RouteServiceProvider))
#33 [internal function]: Illuminate\\Foundation\\Application->Illuminate\\Foundation\\{closure}(Object(App\\Providers\\RouteServiceProvider), 22)
#34 C:\\Users\\A2RJ\\Documents\\GitHub\\KAMPUS\\SIMPADE\\API\\vendor\\laravel\\framework\\src\\Illuminate\\Foundation\\Application.php(910): array_walk(Array, Object(Closure))
#35 C:\\Users\\A2RJ\\Documents\\GitHub\\KAMPUS\\SIMPADE\\API\\vendor\\laravel\\framework\\src\\Illuminate\\Foundation\\Bootstrap\\BootProviders.php(17): Illuminate\\Foundation\\Application->boot()
#36 C:\\Users\\A2RJ\\Documents\\GitHub\\KAMPUS\\SIMPADE\\API\\vendor\\laravel\\framework\\src\\Illuminate\\Foundation\\Application.php(239): Illuminate\\Foundation\\Bootstrap\\BootProviders->bootstrap(Object(Illuminate\\Foundation\\Application))
#37 C:\\Users\\A2RJ\\Documents\\GitHub\\KAMPUS\\SIMPADE\\API\\vendor\\laravel\\framework\\src\\Illuminate\\Foundation\\Http\\Kernel.php(153): Illuminate\\Foundation\\Application->bootstrapWith(Array)
#38 C:\\Users\\A2RJ\\Documents\\GitHub\\KAMPUS\\SIMPADE\\API\\vendor\\laravel\\framework\\src\\Illuminate\\Foundation\\Http\\Kernel.php(137): Illuminate\\Foundation\\Http\\Kernel->bootstrap()
#39 C:\\Users\\A2RJ\\Documents\\GitHub\\KAMPUS\\SIMPADE\\API\\vendor\\laravel\\framework\\src\\Illuminate\\Foundation\\Http\\Kernel.php(111): Illuminate\\Foundation\\Http\\Kernel->sendRequestThroughRouter(Object(Illuminate\\Http\\Request))
#40 C:\\Users\\A2RJ\\Documents\\GitHub\\KAMPUS\\SIMPADE\\API\\public\\index.php(52): Illuminate\\Foundation\\Http\\Kernel->handle(Object(Illuminate\\Http\\Request))
#41 C:\\Users\\A2RJ\\Documents\\GitHub\\KAMPUS\\SIMPADE\\API\\vendor\\laravel\\framework\\src\\Illuminate\\Foundation\esources\\server.php(16): require_once('C:\\\\Users\\\\A2RJ\\\\D...')
#42 {main}
"} 
